<?xml version="1.0" encoding="UTF-8"?>
<testsuite xmlns:xsi="http://www.w3.org/2001/XMLSchema-instance" xsi:noNamespaceSchemaLocation="https://maven.apache.org/surefire/maven-surefire-plugin/xsd/surefire-test-report-3.0.xsd" version="3.0" name="TestSuite" time="389.935" tests="53" errors="0" skipped="8" failures="21">
  <properties>
[...]
</properties>
  <testcase name="headerLinks" classname="com.automationcode_19thMarch_2023.HomeWork_Xpath" time="0.002">
    <system-out><![CDATA[[TestNGContentHandler] [WARN] It is strongly recommended to add "<!DOCTYPE suite SYSTEM "http://testng.org/testng-1.0.dtd" >" at the top of your file, otherwise TestNG may fail or not work as expected.
This is Before Suite
This is Before Test
[DEBUG] Using SLF4J as the default logging framework
[DEBUG] -Dio.netty.leakDetection.level: simple
[DEBUG] -Dio.netty.leakDetection.targetRecords: 4
[DEBUG] Loaded default ResourceLeakDetector: io.netty.util.ResourceLeakDetector@1787bc24
[DEBUG] -Dio.netty.noUnsafe: false
[DEBUG] Java version: 8
[DEBUG] sun.misc.Unsafe.theUnsafe: available
[DEBUG] sun.misc.Unsafe.copyMemory: available
[DEBUG] sun.misc.Unsafe.storeFence: available
[DEBUG] java.nio.Buffer.address: available
[DEBUG] direct buffer constructor: available
[DEBUG] java.nio.Bits.unaligned: available, true
[DEBUG] jdk.internal.misc.Unsafe.allocateUninitializedArray(int): unavailable prior to Java9
[DEBUG] java.nio.DirectByteBuffer.<init>(long, int): available
[DEBUG] sun.misc.Unsafe: available
[DEBUG] -Dio.netty.tmpdir: C:\Users\shams\AppData\Local\Temp (java.io.tmpdir)
[DEBUG] -Dio.netty.bitMode: 64 (sun.arch.data.model)
[DEBUG] Platform: Windows
[DEBUG] -Dio.netty.maxDirectMemory: 7578058752 bytes
[DEBUG] -Dio.netty.uninitializedArrayAllocationThreshold: -1
[DEBUG] java.nio.ByteBuffer.cleaner(): available
[DEBUG] -Dio.netty.noPreferDirect: false
[DEBUG] org.jctools-core.MpscChunkedArrayQueue: available
[DEBUG] -Dio.netty.threadLocalMap.stringBuilder.initialSize: 1024
[DEBUG] -Dio.netty.threadLocalMap.stringBuilder.maxSize: 4096
[DEBUG] Default protocols (JDK): [TLSv1.3, TLSv1.2] 
[DEBUG] Default cipher suites (JDK): [TLS_ECDHE_ECDSA_WITH_AES_256_GCM_SHA384, TLS_ECDHE_ECDSA_WITH_AES_128_GCM_SHA256, TLS_ECDHE_RSA_WITH_AES_128_GCM_SHA256, TLS_ECDHE_RSA_WITH_AES_256_GCM_SHA384, TLS_ECDHE_RSA_WITH_AES_128_CBC_SHA, TLS_ECDHE_RSA_WITH_AES_256_CBC_SHA, TLS_RSA_WITH_AES_128_GCM_SHA256, TLS_RSA_WITH_AES_128_CBC_SHA, TLS_RSA_WITH_AES_256_CBC_SHA, TLS_AES_128_GCM_SHA256, TLS_AES_256_GCM_SHA384]
[DEBUG] -Dio.netty.globalEventExecutor.quietPeriodSeconds: 1
[DEBUG] -Dio.netty.eventLoopThreads: 24
[DEBUG] -Dio.netty.noKeySetOptimization: false
[DEBUG] -Dio.netty.selectorAutoRebuildThreshold: 512
[DEBUG] -Dio.netty.allocator.numHeapArenas: 24
[DEBUG] -Dio.netty.allocator.numDirectArenas: 24
[DEBUG] -Dio.netty.allocator.pageSize: 8192
[DEBUG] -Dio.netty.allocator.maxOrder: 9
[DEBUG] -Dio.netty.allocator.chunkSize: 4194304
[DEBUG] -Dio.netty.allocator.smallCacheSize: 256
[DEBUG] -Dio.netty.allocator.normalCacheSize: 64
[DEBUG] -Dio.netty.allocator.maxCachedBufferCapacity: 32768
[DEBUG] -Dio.netty.allocator.cacheTrimInterval: 8192
[DEBUG] -Dio.netty.allocator.cacheTrimIntervalMillis: 0
[DEBUG] -Dio.netty.allocator.useCacheForAllThreads: false
[DEBUG] -Dio.netty.allocator.maxCachedByteBuffersPerChunk: 1023
[DEBUG] -Dio.netty.allocator.type: pooled
[DEBUG] -Dio.netty.threadLocalDirectBufferSize: 0
[DEBUG] -Dio.netty.maxThreadLocalCharBufferSize: 16384
[DEBUG] -Dio.netty.processId: 8056 (auto-detected)
[DEBUG] -Djava.net.preferIPv4Stack: false
[DEBUG] -Djava.net.preferIPv6Addresses: false
[DEBUG] Loopback interface: lo (Software Loopback Interface 1, 127.0.0.1)
[DEBUG] Failed to get SOMAXCONN from sysctl and file \proc\sys\net\core\somaxconn. Default: 200
[DEBUG] -Dio.netty.machineId: 00:50:56:ff:fe:c0:00:08 (auto-detected)
[DEBUG] -Dio.netty.buffer.checkAccessible: true
[DEBUG] -Dio.netty.buffer.checkBounds: true
[DEBUG] Loaded default ResourceLeakDetector: io.netty.util.ResourceLeakDetector@14d2b6
[DEBUG] Using new Channel '[id: 0x5746f1ff, L:/127.0.0.1:50675 - R:localhost/127.0.0.1:42607]' for 'POST' to '/session'
[DEBUG] -Dio.netty.recycler.maxCapacityPerThread: 4096
[DEBUG] -Dio.netty.recycler.ratio: 8
[DEBUG] -Dio.netty.recycler.chunkSize: 32
[DEBUG] -Dio.netty.recycler.blocking: false
[DEBUG] -Dio.netty.recycler.batchFastThreadLocalOnly: true
[DEBUG] brotli4j not in the classpath; Brotli support will be unavailable.
[DEBUG] 

Request DefaultHttpRequest(decodeResult: success, version: HTTP/1.1)
POST /session HTTP/1.1
User-Agent: selenium/4.8.3 (java windows)
Content-Length: 569
Content-Type: application/json; charset=utf-8
host: localhost:42607
accept: */*

Response DefaultHttpResponse(decodeResult: success, version: HTTP/1.1)
HTTP/1.1 200 OK
Content-Length: 857
Content-Type: application/json; charset=utf-8
cache-control: no-cache

[DEBUG] Adding key: http://localhost:42607 for channel [id: 0x5746f1ff, L:/127.0.0.1:50675 - R:localhost/127.0.0.1:42607]
[DEBUG] Using new Channel '[id: 0xc02e19d3, L:/127.0.0.1:50682 - R:localhost/127.0.0.1:50676]' for 'GET' to '/json/version'
[DEBUG] 

Request DefaultFullHttpRequest(decodeResult: success, version: HTTP/1.1, content: EmptyByteBufBE)
GET /json/version HTTP/1.1
User-Agent: selenium/4.8.3 (java windows)
host: localhost:50676
accept: */*

Response DefaultHttpResponse(decodeResult: success, version: HTTP/1.1)
HTTP/1.1 200 OK
Content-Security-Policy: frame-ancestors 'none'
Content-Length: 424
Content-Type: application/json; charset=UTF-8

[DEBUG] Adding key: http://localhost:50676 for channel [id: 0xc02e19d3, L:/127.0.0.1:50682 - R:localhost/127.0.0.1:50676]
[DEBUG] -Dio.netty.initialSeedUniquifier: 0x097c8cf4d3a377af
[DEBUG] Using new Channel '[id: 0x4c6e86fc, L:/127.0.0.1:50683 - R:localhost/127.0.0.1:50676]' for 'GET' to '/devtools/browser/4068de44-6441-4842-b30f-f33553d61977'
[DEBUG] 

Request DefaultFullHttpRequest(decodeResult: success, version: HTTP/1.1, content: EmptyByteBufBE)
GET /devtools/browser/4068de44-6441-4842-b30f-f33553d61977 HTTP/1.1
upgrade: websocket
connection: upgrade
sec-websocket-key: r9wI5YjjPvJx1DrerhgDMQ==
sec-websocket-version: 13
origin: http://localhost:50676
host: localhost:50676
accept: */*
user-agent: AHC/2.1

Response DefaultHttpResponse(decodeResult: success, version: HTTP/1.1)
HTTP/1.1 101 WebSocket Protocol Handshake
Upgrade: WebSocket
Connection: Upgrade
Sec-WebSocket-Accept: 8jJDR/Xh/7TSTWfCBkCuMiDXdVQ=

[DEBUG] Using pooled Channel '[id: 0x5746f1ff, L:/127.0.0.1:50675 - R:localhost/127.0.0.1:42607]' for 'POST' to 'http://localhost:42607/session/9e282f1fb62db8669eefa2a6896ae35a/url'
[DEBUG] Using open Channel [id: 0x5746f1ff, L:/127.0.0.1:50675 - R:localhost/127.0.0.1:42607] for POST '/session/9e282f1fb62db8669eefa2a6896ae35a/url'
[DEBUG] 

Request DefaultHttpRequest(decodeResult: success, version: HTTP/1.1)
POST /session/9e282f1fb62db8669eefa2a6896ae35a/url HTTP/1.1
User-Agent: selenium/4.8.3 (java windows)
Content-Length: 53
Content-Type: application/json; charset=utf-8
host: localhost:42607
accept: */*

Response DefaultHttpResponse(decodeResult: success, version: HTTP/1.1)
HTTP/1.1 200 OK
Content-Length: 14
Content-Type: application/json; charset=utf-8
cache-control: no-cache

[DEBUG] Adding key: http://localhost:42607 for channel [id: 0x5746f1ff, L:/127.0.0.1:50675 - R:localhost/127.0.0.1:42607]
]]></system-out>
    <system-err><![CDATA[Starting ChromeDriver 112.0.5615.49 (bd2a7bcb881c11e8cfe3078709382934e3916914-refs/branch-heads/5615@{#936}) on port 42607
Only local connections are allowed.
Please see https://chromedriver.chromium.org/security-considerations for suggestions on keeping ChromeDriver safe.
ChromeDriver was started successfully.
Apr 22, 2023 4:07:32 PM org.openqa.selenium.devtools.CdpVersionFinder findNearestMatch
WARNING: Unable to find an exact match for CDP version 112, so returning the closest version found: 111
]]></system-err>
  </testcase>
  <testcase name="AccountDetails" classname="com.automationcode_19thMarch_2023.Facebook" time="0.064">
    <failure message="no such element: Unable to locate element: {&quot;method&quot;:&quot;xpath&quot;,&quot;selector&quot;:&quot;//input[@name=&apos;firstname&apos;]&quot;}&#10;  (Session info: chrome=112.0.5615.138)&#10;For documentation on this error, please visit: https://selenium.dev/exceptions/#no_such_element&#10;Build info: version: &apos;4.8.3&apos;, revision: &apos;e5e76298c3&apos;&#10;System info: os.name: &apos;Windows 11&apos;, os.arch: &apos;amd64&apos;, os.version: &apos;10.0&apos;, java.version: &apos;1.8.0_351&apos;&#10;Driver info: org.openqa.selenium.chrome.ChromeDriver&#10;Command: [103ffa76a58b92585834fd436151f4ea, findElement {using=xpath, value=//input[@name=&apos;firstname&apos;]}]&#10;Capabilities {acceptInsecureCerts: false, browserName: chrome, browserVersion: 112.0.5615.138, chrome: {chromedriverVersion: 112.0.5615.49 (bd2a7bcb881c..., userDataDir: C:\Users\shams\AppData\Loca...}, goog:chromeOptions: {debuggerAddress: localhost:50689}, networkConnectionEnabled: false, pageLoadStrategy: eager, platformName: WINDOWS, proxy: Proxy(), se:cdp: ws://localhost:50689/devtoo..., se:cdpVersion: 112.0.5615.138, setWindowRect: true, strictFileInteractability: false, timeouts: {implicit: 0, pageLoad: 300000, script: 30000}, unhandledPromptBehavior: dismiss and notify, webauthn:extension:credBlob: true, webauthn:extension:largeBlob: true, webauthn:extension:minPinLength: true, webauthn:extension:prf: true, webauthn:virtualAuthenticators: true}&#10;Session ID: 103ffa76a58b92585834fd436151f4ea" type="org.openqa.selenium.NoSuchElementException"><![CDATA[org.openqa.selenium.NoSuchElementException: 
no such element: Unable to locate element: {"method":"xpath","selector":"//input[@name='firstname']"}
  (Session info: chrome=112.0.5615.138)
For documentation on this error, please visit: https://selenium.dev/exceptions/#no_such_element
Build info: version: '4.8.3', revision: 'e5e76298c3'
System info: os.name: 'Windows 11', os.arch: 'amd64', os.version: '10.0', java.version: '1.8.0_351'
Driver info: org.openqa.selenium.chrome.ChromeDriver
Command: [103ffa76a58b92585834fd436151f4ea, findElement {using=xpath, value=//input[@name='firstname']}]
Capabilities {acceptInsecureCerts: false, browserName: chrome, browserVersion: 112.0.5615.138, chrome: {chromedriverVersion: 112.0.5615.49 (bd2a7bcb881c..., userDataDir: C:\Users\shams\AppData\Loca...}, goog:chromeOptions: {debuggerAddress: localhost:50689}, networkConnectionEnabled: false, pageLoadStrategy: eager, platformName: WINDOWS, proxy: Proxy(), se:cdp: ws://localhost:50689/devtoo..., se:cdpVersion: 112.0.5615.138, setWindowRect: true, strictFileInteractability: false, timeouts: {implicit: 0, pageLoad: 300000, script: 30000}, unhandledPromptBehavior: dismiss and notify, webauthn:extension:credBlob: true, webauthn:extension:largeBlob: true, webauthn:extension:minPinLength: true, webauthn:extension:prf: true, webauthn:virtualAuthenticators: true}
Session ID: 103ffa76a58b92585834fd436151f4ea
	at sun.reflect.NativeConstructorAccessorImpl.newInstance0(Native Method)
	at sun.reflect.NativeConstructorAccessorImpl.newInstance(NativeConstructorAccessorImpl.java:62)
	at sun.reflect.DelegatingConstructorAccessorImpl.newInstance(DelegatingConstructorAccessorImpl.java:45)
	at java.lang.reflect.Constructor.newInstance(Constructor.java:423)
	at org.openqa.selenium.remote.codec.w3c.W3CHttpResponseCodec.createException(W3CHttpResponseCodec.java:200)
	at org.openqa.selenium.remote.codec.w3c.W3CHttpResponseCodec.decode(W3CHttpResponseCodec.java:133)
	at org.openqa.selenium.remote.codec.w3c.W3CHttpResponseCodec.decode(W3CHttpResponseCodec.java:53)
	at org.openqa.selenium.remote.HttpCommandExecutor.execute(HttpCommandExecutor.java:193)
	at org.openqa.selenium.remote.service.DriverCommandExecutor.invokeExecute(DriverCommandExecutor.java:183)
	at org.openqa.selenium.remote.service.DriverCommandExecutor.execute(DriverCommandExecutor.java:158)
	at org.openqa.selenium.remote.RemoteWebDriver.execute(RemoteWebDriver.java:543)
	at org.openqa.selenium.remote.ElementLocation$ElementFinder$2.findElement(ElementLocation.java:162)
	at org.openqa.selenium.remote.ElementLocation.findElement(ElementLocation.java:60)
	at org.openqa.selenium.remote.RemoteWebDriver.findElement(RemoteWebDriver.java:352)
	at org.openqa.selenium.remote.RemoteWebDriver.findElement(RemoteWebDriver.java:344)
	at com.automationcode_19thMarch_2023.Facebook.AccountDetails(Facebook.java:36)
	at sun.reflect.NativeMethodAccessorImpl.invoke0(Native Method)
	at sun.reflect.NativeMethodAccessorImpl.invoke(NativeMethodAccessorImpl.java:62)
	at sun.reflect.DelegatingMethodAccessorImpl.invoke(DelegatingMethodAccessorImpl.java:43)
	at java.lang.reflect.Method.invoke(Method.java:498)
	at org.testng.internal.MethodInvocationHelper.invokeMethod(MethodInvocationHelper.java:124)
	at org.testng.internal.Invoker.invokeMethod(Invoker.java:583)
	at org.testng.internal.Invoker.invokeTestMethod(Invoker.java:719)
	at org.testng.internal.Invoker.invokeTestMethods(Invoker.java:989)
	at org.testng.internal.TestMethodWorker.invokeTestMethods(TestMethodWorker.java:125)
	at org.testng.internal.TestMethodWorker.run(TestMethodWorker.java:109)
	at org.testng.TestRunner.privateRun(TestRunner.java:648)
	at org.testng.TestRunner.run(TestRunner.java:505)
	at org.testng.SuiteRunner.runTest(SuiteRunner.java:455)
	at org.testng.SuiteRunner.runSequentially(SuiteRunner.java:450)
	at org.testng.SuiteRunner.privateRun(SuiteRunner.java:415)
	at org.testng.SuiteRunner.run(SuiteRunner.java:364)
	at org.testng.SuiteRunnerWorker.runSuite(SuiteRunnerWorker.java:52)
	at org.testng.SuiteRunnerWorker.run(SuiteRunnerWorker.java:84)
	at org.testng.TestNG.runSuitesSequentially(TestNG.java:1208)
	at org.testng.TestNG.runSuitesLocally(TestNG.java:1137)
	at org.testng.TestNG.runSuites(TestNG.java:1049)
	at org.testng.TestNG.run(TestNG.java:1017)
	at org.apache.maven.surefire.testng.TestNGExecutor.run(TestNGExecutor.java:324)
	at org.apache.maven.surefire.testng.TestNGXmlTestSuite.execute(TestNGXmlTestSuite.java:74)
	at org.apache.maven.surefire.testng.TestNGProvider.invoke(TestNGProvider.java:123)
	at org.apache.maven.surefire.booter.ForkedBooter.runSuitesInProcess(ForkedBooter.java:456)
	at org.apache.maven.surefire.booter.ForkedBooter.execute(ForkedBooter.java:169)
	at org.apache.maven.surefire.booter.ForkedBooter.run(ForkedBooter.java:595)
	at org.apache.maven.surefire.booter.ForkedBooter.main(ForkedBooter.java:581)
]]></failure>
    <system-out><![CDATA[[DEBUG] Using new Channel '[id: 0x5fdc7d7f, L:/127.0.0.1:50688 - R:localhost/127.0.0.1:13874]' for 'POST' to '/session'
[DEBUG] 

Request DefaultHttpRequest(decodeResult: success, version: HTTP/1.1)
POST /session HTTP/1.1
User-Agent: selenium/4.8.3 (java windows)
Content-Length: 571
Content-Type: application/json; charset=utf-8
host: localhost:13874
accept: */*

Response DefaultHttpResponse(decodeResult: success, version: HTTP/1.1)
HTTP/1.1 200 OK
Content-Length: 858
Content-Type: application/json; charset=utf-8
cache-control: no-cache

[DEBUG] Adding key: http://localhost:13874 for channel [id: 0x5fdc7d7f, L:/127.0.0.1:50688 - R:localhost/127.0.0.1:13874]
[DEBUG] Using new Channel '[id: 0x52bef612, L:/127.0.0.1:50696 - R:localhost/127.0.0.1:50689]' for 'GET' to '/json/version'
[DEBUG] 

Request DefaultFullHttpRequest(decodeResult: success, version: HTTP/1.1, content: EmptyByteBufBE)
GET /json/version HTTP/1.1
User-Agent: selenium/4.8.3 (java windows)
host: localhost:50689
accept: */*

Response DefaultHttpResponse(decodeResult: success, version: HTTP/1.1)
HTTP/1.1 200 OK
Content-Security-Policy: frame-ancestors 'none'
Content-Length: 424
Content-Type: application/json; charset=UTF-8

[DEBUG] Adding key: http://localhost:50689 for channel [id: 0x52bef612, L:/127.0.0.1:50696 - R:localhost/127.0.0.1:50689]
[DEBUG] Using new Channel '[id: 0x778dfdba, L:/127.0.0.1:50697 - R:localhost/127.0.0.1:50689]' for 'GET' to '/devtools/browser/405556d1-82b9-49f6-8230-4a859d5b9e88'
[DEBUG] 

Request DefaultFullHttpRequest(decodeResult: success, version: HTTP/1.1, content: EmptyByteBufBE)
GET /devtools/browser/405556d1-82b9-49f6-8230-4a859d5b9e88 HTTP/1.1
upgrade: websocket
connection: upgrade
sec-websocket-key: +5zvMzGNIqsVjT3SquaB0Q==
sec-websocket-version: 13
origin: http://localhost:50689
host: localhost:50689
accept: */*
user-agent: AHC/2.1

Response DefaultHttpResponse(decodeResult: success, version: HTTP/1.1)
HTTP/1.1 101 WebSocket Protocol Handshake
Upgrade: WebSocket
Connection: Upgrade
Sec-WebSocket-Accept: jVn2G3qWZRuBRGfyUq4GgRGUm+E=

[DEBUG] Using pooled Channel '[id: 0x5fdc7d7f, L:/127.0.0.1:50688 - R:localhost/127.0.0.1:13874]' for 'POST' to 'http://localhost:13874/session/103ffa76a58b92585834fd436151f4ea/url'
[DEBUG] Using open Channel [id: 0x5fdc7d7f, L:/127.0.0.1:50688 - R:localhost/127.0.0.1:13874] for POST '/session/103ffa76a58b92585834fd436151f4ea/url'
[DEBUG] Entry count for : http://localhost:50676 : 1
[DEBUG] Entry count for : http://localhost:50689 : 1
[DEBUG] Entry count for : http://localhost:42607 : 1
[DEBUG] 

Request DefaultHttpRequest(decodeResult: success, version: HTTP/1.1)
POST /session/103ffa76a58b92585834fd436151f4ea/url HTTP/1.1
User-Agent: selenium/4.8.3 (java windows)
Content-Length: 55
Content-Type: application/json; charset=utf-8
host: localhost:13874
accept: */*

Response DefaultHttpResponse(decodeResult: success, version: HTTP/1.1)
HTTP/1.1 200 OK
Content-Length: 14
Content-Type: application/json; charset=utf-8
cache-control: no-cache

[DEBUG] Adding key: http://localhost:13874 for channel [id: 0x5fdc7d7f, L:/127.0.0.1:50688 - R:localhost/127.0.0.1:13874]
[DEBUG] Using pooled Channel '[id: 0x5fdc7d7f, L:/127.0.0.1:50688 - R:localhost/127.0.0.1:13874]' for 'POST' to 'http://localhost:13874/session/103ffa76a58b92585834fd436151f4ea/element'
[DEBUG] Using open Channel [id: 0x5fdc7d7f, L:/127.0.0.1:50688 - R:localhost/127.0.0.1:13874] for POST '/session/103ffa76a58b92585834fd436151f4ea/element'
[DEBUG] 

Request DefaultHttpRequest(decodeResult: success, version: HTTP/1.1)
POST /session/103ffa76a58b92585834fd436151f4ea/element HTTP/1.1
User-Agent: selenium/4.8.3 (java windows)
Content-Length: 73
Content-Type: application/json; charset=utf-8
host: localhost:13874
accept: */*

Response DefaultHttpResponse(decodeResult: success, version: HTTP/1.1)
HTTP/1.1 404 Not Found
Content-Length: 947
Content-Type: application/json; charset=utf-8
cache-control: no-cache

[DEBUG] Adding key: http://localhost:13874 for channel [id: 0x5fdc7d7f, L:/127.0.0.1:50688 - R:localhost/127.0.0.1:13874]
]]></system-out>
    <system-err><![CDATA[Starting ChromeDriver 112.0.5615.49 (bd2a7bcb881c11e8cfe3078709382934e3916914-refs/branch-heads/5615@{#936}) on port 13874
Only local connections are allowed.
Please see https://chromedriver.chromium.org/security-considerations for suggestions on keeping ChromeDriver safe.
ChromeDriver was started successfully.
Apr 22, 2023 4:07:33 PM org.openqa.selenium.devtools.CdpVersionFinder findNearestMatch
WARNING: Unable to find an exact match for CDP version 112, so returning the closest version found: 111
]]></system-err>
  </testcase>
  <testcase name="createAccount" classname="com.automationcode_19thMarch_2023.Facebook" time="0.327">
    <system-out><![CDATA[[DEBUG] Using new Channel '[id: 0x7b0b122d, L:/127.0.0.1:50735 - R:localhost/127.0.0.1:30179]' for 'POST' to '/session'
[DEBUG] Entry count for : http://localhost:50676 : 1
[DEBUG] Entry count for : http://localhost:13874 : 1
[DEBUG] Entry count for : http://localhost:50689 : 1
[DEBUG] Entry count for : http://localhost:42607 : 1
[DEBUG] 

Request DefaultHttpRequest(decodeResult: success, version: HTTP/1.1)
POST /session HTTP/1.1
User-Agent: selenium/4.8.3 (java windows)
Content-Length: 571
Content-Type: application/json; charset=utf-8
host: localhost:30179
accept: */*

Response DefaultHttpResponse(decodeResult: success, version: HTTP/1.1)
HTTP/1.1 200 OK
Content-Length: 857
Content-Type: application/json; charset=utf-8
cache-control: no-cache

[DEBUG] Adding key: http://localhost:30179 for channel [id: 0x7b0b122d, L:/127.0.0.1:50735 - R:localhost/127.0.0.1:30179]
[DEBUG] Using new Channel '[id: 0x5aa01259, L:/127.0.0.1:50752 - R:localhost/127.0.0.1:50740]' for 'GET' to '/json/version'
[DEBUG] 

Request DefaultFullHttpRequest(decodeResult: success, version: HTTP/1.1, content: EmptyByteBufBE)
GET /json/version HTTP/1.1
User-Agent: selenium/4.8.3 (java windows)
host: localhost:50740
accept: */*

Response DefaultHttpResponse(decodeResult: success, version: HTTP/1.1)
HTTP/1.1 200 OK
Content-Security-Policy: frame-ancestors 'none'
Content-Length: 424
Content-Type: application/json; charset=UTF-8

[DEBUG] Adding key: http://localhost:50740 for channel [id: 0x5aa01259, L:/127.0.0.1:50752 - R:localhost/127.0.0.1:50740]
[DEBUG] Using new Channel '[id: 0xc5f505b3, L:/127.0.0.1:50753 - R:localhost/127.0.0.1:50740]' for 'GET' to '/devtools/browser/33fa141a-732b-429c-882f-c91a211e9a14'
[DEBUG] 

Request DefaultFullHttpRequest(decodeResult: success, version: HTTP/1.1, content: EmptyByteBufBE)
GET /devtools/browser/33fa141a-732b-429c-882f-c91a211e9a14 HTTP/1.1
upgrade: websocket
connection: upgrade
sec-websocket-key: 1Z9SQSAzTiYQjJ+2QvKbUQ==
sec-websocket-version: 13
origin: http://localhost:50740
host: localhost:50740
accept: */*
user-agent: AHC/2.1

Response DefaultHttpResponse(decodeResult: success, version: HTTP/1.1)
HTTP/1.1 101 WebSocket Protocol Handshake
Upgrade: WebSocket
Connection: Upgrade
Sec-WebSocket-Accept: 4wv4/8PHCsKO2x+FWwvoLU4NWFE=

[DEBUG] Using pooled Channel '[id: 0x7b0b122d, L:/127.0.0.1:50735 - R:localhost/127.0.0.1:30179]' for 'POST' to 'http://localhost:30179/session/8f85a78a6ec370e8bfe3d2033e74cb27/url'
[DEBUG] Using open Channel [id: 0x7b0b122d, L:/127.0.0.1:50735 - R:localhost/127.0.0.1:30179] for POST '/session/8f85a78a6ec370e8bfe3d2033e74cb27/url'
[DEBUG] 

Request DefaultHttpRequest(decodeResult: success, version: HTTP/1.1)
POST /session/8f85a78a6ec370e8bfe3d2033e74cb27/url HTTP/1.1
User-Agent: selenium/4.8.3 (java windows)
Content-Length: 55
Content-Type: application/json; charset=utf-8
host: localhost:30179
accept: */*

Response DefaultHttpResponse(decodeResult: success, version: HTTP/1.1)
HTTP/1.1 200 OK
Content-Length: 14
Content-Type: application/json; charset=utf-8
cache-control: no-cache

[DEBUG] Adding key: http://localhost:30179 for channel [id: 0x7b0b122d, L:/127.0.0.1:50735 - R:localhost/127.0.0.1:30179]
[DEBUG] Using pooled Channel '[id: 0x7b0b122d, L:/127.0.0.1:50735 - R:localhost/127.0.0.1:30179]' for 'POST' to 'http://localhost:30179/session/8f85a78a6ec370e8bfe3d2033e74cb27/element'
[DEBUG] Using open Channel [id: 0x7b0b122d, L:/127.0.0.1:50735 - R:localhost/127.0.0.1:30179] for POST '/session/8f85a78a6ec370e8bfe3d2033e74cb27/element'
[DEBUG] 

Request DefaultHttpRequest(decodeResult: success, version: HTTP/1.1)
POST /session/8f85a78a6ec370e8bfe3d2033e74cb27/element HTTP/1.1
User-Agent: selenium/4.8.3 (java windows)
Content-Length: 59
Content-Type: application/json; charset=utf-8
host: localhost:30179
accept: */*

Response DefaultHttpResponse(decodeResult: success, version: HTTP/1.1)
HTTP/1.1 200 OK
Content-Length: 88
Content-Type: application/json; charset=utf-8
cache-control: no-cache

[DEBUG] Adding key: http://localhost:30179 for channel [id: 0x7b0b122d, L:/127.0.0.1:50735 - R:localhost/127.0.0.1:30179]
[DEBUG] Using pooled Channel '[id: 0x7b0b122d, L:/127.0.0.1:50735 - R:localhost/127.0.0.1:30179]' for 'POST' to 'http://localhost:30179/session/8f85a78a6ec370e8bfe3d2033e74cb27/element/18d142e6-5273-44a5-8574-3a09ee2fd774/click'
[DEBUG] Using open Channel [id: 0x7b0b122d, L:/127.0.0.1:50735 - R:localhost/127.0.0.1:30179] for POST '/session/8f85a78a6ec370e8bfe3d2033e74cb27/element/18d142e6-5273-44a5-8574-3a09ee2fd774/click'
[DEBUG] Entry count for : http://localhost:50676 : 1
[DEBUG] Entry count for : http://localhost:13874 : 1
[DEBUG] Entry count for : http://localhost:50689 : 1
[DEBUG] Entry count for : http://localhost:42607 : 1
[DEBUG] Entry count for : http://localhost:50740 : 1
[DEBUG] 

Request DefaultHttpRequest(decodeResult: success, version: HTTP/1.1)
POST /session/8f85a78a6ec370e8bfe3d2033e74cb27/element/18d142e6-5273-44a5-8574-3a09ee2fd774/click HTTP/1.1
User-Agent: selenium/4.8.3 (java windows)
Content-Length: 50
Content-Type: application/json; charset=utf-8
host: localhost:30179
accept: */*

Response DefaultHttpResponse(decodeResult: success, version: HTTP/1.1)
HTTP/1.1 200 OK
Content-Length: 14
Content-Type: application/json; charset=utf-8
cache-control: no-cache

[DEBUG] Adding key: http://localhost:30179 for channel [id: 0x7b0b122d, L:/127.0.0.1:50735 - R:localhost/127.0.0.1:30179]
]]></system-out>
    <system-err><![CDATA[Starting ChromeDriver 112.0.5615.49 (bd2a7bcb881c11e8cfe3078709382934e3916914-refs/branch-heads/5615@{#936}) on port 30179
Only local connections are allowed.
Please see https://chromedriver.chromium.org/security-considerations for suggestions on keeping ChromeDriver safe.
ChromeDriver was started successfully.
Apr 22, 2023 4:07:35 PM org.openqa.selenium.devtools.CdpVersionFinder findNearestMatch
WARNING: Unable to find an exact match for CDP version 112, so returning the closest version found: 111
]]></system-err>
  </testcase>
  <testcase name="TNLogin" classname="com.automationcode_08thApril_2023.RediffLoginTest" time="5.13">
    <system-out><![CDATA[[DEBUG] Using new Channel '[id: 0x109bee03, L:/127.0.0.1:50785 - R:localhost/127.0.0.1:38908]' for 'POST' to '/session'
[DEBUG] 

Request DefaultHttpRequest(decodeResult: success, version: HTTP/1.1)
POST /session HTTP/1.1
User-Agent: selenium/4.8.3 (java windows)
Content-Length: 439
Content-Type: application/json; charset=utf-8
host: localhost:38908
accept: */*

Response DefaultHttpResponse(decodeResult: success, version: HTTP/1.1)
HTTP/1.1 200 OK
Content-Length: 860
Content-Type: application/json; charset=utf-8
cache-control: no-cache

[DEBUG] Adding key: http://localhost:38908 for channel [id: 0x109bee03, L:/127.0.0.1:50785 - R:localhost/127.0.0.1:38908]
[DEBUG] Using new Channel '[id: 0x4ff3e52d, L:/127.0.0.1:50806 - R:localhost/127.0.0.1:50791]' for 'GET' to '/json/version'
[DEBUG] 

Request DefaultFullHttpRequest(decodeResult: success, version: HTTP/1.1, content: EmptyByteBufBE)
GET /json/version HTTP/1.1
User-Agent: selenium/4.8.3 (java windows)
host: localhost:50791
accept: */*

Response DefaultHttpResponse(decodeResult: success, version: HTTP/1.1)
HTTP/1.1 200 OK
Content-Security-Policy: frame-ancestors 'none'
Content-Length: 424
Content-Type: application/json; charset=UTF-8

[DEBUG] Adding key: http://localhost:50791 for channel [id: 0x4ff3e52d, L:/127.0.0.1:50806 - R:localhost/127.0.0.1:50791]
[DEBUG] Using new Channel '[id: 0x98197c5d, L:/127.0.0.1:50807 - R:localhost/127.0.0.1:50791]' for 'GET' to '/devtools/browser/450afaec-a5d9-4baa-87c2-a1546117e3f0'
[DEBUG] 

Request DefaultFullHttpRequest(decodeResult: success, version: HTTP/1.1, content: EmptyByteBufBE)
GET /devtools/browser/450afaec-a5d9-4baa-87c2-a1546117e3f0 HTTP/1.1
upgrade: websocket
connection: upgrade
sec-websocket-key: PT4cg1oHg8NM4rCsn+dMtA==
sec-websocket-version: 13
origin: http://localhost:50791
host: localhost:50791
accept: */*
user-agent: AHC/2.1

Response DefaultHttpResponse(decodeResult: success, version: HTTP/1.1)
HTTP/1.1 101 WebSocket Protocol Handshake
Upgrade: WebSocket
Connection: Upgrade
Sec-WebSocket-Accept: /PlFw2gigGEnVbeesxNFCTYXF08=

[DEBUG] Using pooled Channel '[id: 0x109bee03, L:/127.0.0.1:50785 - R:localhost/127.0.0.1:38908]' for 'POST' to 'http://localhost:38908/session/a7c9c29b09fb1a61e756390d66f808dd/window/maximize'
[DEBUG] Using open Channel [id: 0x109bee03, L:/127.0.0.1:50785 - R:localhost/127.0.0.1:38908] for POST '/session/a7c9c29b09fb1a61e756390d66f808dd/window/maximize'
[DEBUG] Entry count for : http://localhost:50676 : 1
[DEBUG] Entry count for : http://localhost:13874 : 1
[DEBUG] Entry count for : http://localhost:50689 : 1
[DEBUG] Entry count for : http://localhost:42607 : 1
[DEBUG] Entry count for : http://localhost:50791 : 1
[DEBUG] Entry count for : http://localhost:30179 : 1
[DEBUG] Entry count for : http://localhost:50740 : 1
[DEBUG] 

Request DefaultHttpRequest(decodeResult: success, version: HTTP/1.1)
POST /session/a7c9c29b09fb1a61e756390d66f808dd/window/maximize HTTP/1.1
User-Agent: selenium/4.8.3 (java windows)
Content-Length: 3
Content-Type: application/json; charset=utf-8
host: localhost:38908
accept: */*

Response DefaultHttpResponse(decodeResult: success, version: HTTP/1.1)
HTTP/1.1 200 OK
Content-Length: 52
Content-Type: application/json; charset=utf-8
cache-control: no-cache

[DEBUG] Adding key: http://localhost:38908 for channel [id: 0x109bee03, L:/127.0.0.1:50785 - R:localhost/127.0.0.1:38908]
[DEBUG] Using pooled Channel '[id: 0x109bee03, L:/127.0.0.1:50785 - R:localhost/127.0.0.1:38908]' for 'POST' to 'http://localhost:38908/session/a7c9c29b09fb1a61e756390d66f808dd/timeouts'
[DEBUG] Using open Channel [id: 0x109bee03, L:/127.0.0.1:50785 - R:localhost/127.0.0.1:38908] for POST '/session/a7c9c29b09fb1a61e756390d66f808dd/timeouts'
[DEBUG] 

Request DefaultHttpRequest(decodeResult: success, version: HTTP/1.1)
POST /session/a7c9c29b09fb1a61e756390d66f808dd/timeouts HTTP/1.1
User-Agent: selenium/4.8.3 (java windows)
Content-Length: 23
Content-Type: application/json; charset=utf-8
host: localhost:38908
accept: */*

Response DefaultHttpResponse(decodeResult: success, version: HTTP/1.1)
HTTP/1.1 200 OK
Content-Length: 14
Content-Type: application/json; charset=utf-8
cache-control: no-cache

[DEBUG] Adding key: http://localhost:38908 for channel [id: 0x109bee03, L:/127.0.0.1:50785 - R:localhost/127.0.0.1:38908]
[DEBUG] Using pooled Channel '[id: 0x109bee03, L:/127.0.0.1:50785 - R:localhost/127.0.0.1:38908]' for 'POST' to 'http://localhost:38908/session/a7c9c29b09fb1a61e756390d66f808dd/url'
[DEBUG] Using open Channel [id: 0x109bee03, L:/127.0.0.1:50785 - R:localhost/127.0.0.1:38908] for POST '/session/a7c9c29b09fb1a61e756390d66f808dd/url'
[DEBUG] Entry count for : http://localhost:50676 : 1
[DEBUG] Entry count for : http://localhost:13874 : 1
[DEBUG] Entry count for : http://localhost:50689 : 1
[DEBUG] Entry count for : http://localhost:42607 : 1
[DEBUG] Entry count for : http://localhost:50791 : 1
[DEBUG] Entry count for : http://localhost:30179 : 1
[DEBUG] Entry count for : http://localhost:50740 : 1
[DEBUG] Entry count for : http://localhost:50676 : 1
[DEBUG] Entry count for : http://localhost:13874 : 1
[DEBUG] Entry count for : http://localhost:50689 : 1
[DEBUG] Entry count for : http://localhost:42607 : 1
[DEBUG] Entry count for : http://localhost:50791 : 1
[DEBUG] Entry count for : http://localhost:30179 : 1
[DEBUG] Entry count for : http://localhost:50740 : 1
[DEBUG] 

Request DefaultHttpRequest(decodeResult: success, version: HTTP/1.1)
POST /session/a7c9c29b09fb1a61e756390d66f808dd/url HTTP/1.1
User-Agent: selenium/4.8.3 (java windows)
Content-Length: 67
Content-Type: application/json; charset=utf-8
host: localhost:38908
accept: */*

Response DefaultHttpResponse(decodeResult: success, version: HTTP/1.1)
HTTP/1.1 200 OK
Content-Length: 14
Content-Type: application/json; charset=utf-8
cache-control: no-cache

[DEBUG] Adding key: http://localhost:38908 for channel [id: 0x109bee03, L:/127.0.0.1:50785 - R:localhost/127.0.0.1:38908]
[DEBUG] Using pooled Channel '[id: 0x109bee03, L:/127.0.0.1:50785 - R:localhost/127.0.0.1:38908]' for 'POST' to 'http://localhost:38908/session/a7c9c29b09fb1a61e756390d66f808dd/element'
[DEBUG] Using open Channel [id: 0x109bee03, L:/127.0.0.1:50785 - R:localhost/127.0.0.1:38908] for POST '/session/a7c9c29b09fb1a61e756390d66f808dd/element'
[DEBUG] 

Request DefaultHttpRequest(decodeResult: success, version: HTTP/1.1)
POST /session/a7c9c29b09fb1a61e756390d66f808dd/element HTTP/1.1
User-Agent: selenium/4.8.3 (java windows)
Content-Length: 51
Content-Type: application/json; charset=utf-8
host: localhost:38908
accept: */*

Response DefaultHttpResponse(decodeResult: success, version: HTTP/1.1)
HTTP/1.1 200 OK
Content-Length: 88
Content-Type: application/json; charset=utf-8
cache-control: no-cache

[DEBUG] Adding key: http://localhost:38908 for channel [id: 0x109bee03, L:/127.0.0.1:50785 - R:localhost/127.0.0.1:38908]
[DEBUG] Using pooled Channel '[id: 0x109bee03, L:/127.0.0.1:50785 - R:localhost/127.0.0.1:38908]' for 'POST' to 'http://localhost:38908/session/a7c9c29b09fb1a61e756390d66f808dd/element/6ab72ea2-6a63-40f8-8765-ea3178d5e1f6/click'
[DEBUG] Using open Channel [id: 0x109bee03, L:/127.0.0.1:50785 - R:localhost/127.0.0.1:38908] for POST '/session/a7c9c29b09fb1a61e756390d66f808dd/element/6ab72ea2-6a63-40f8-8765-ea3178d5e1f6/click'
[DEBUG] Entry count for : http://localhost:50676 : 1
[DEBUG] Entry count for : http://localhost:13874 : 1
[DEBUG] Entry count for : http://localhost:50689 : 1
[DEBUG] Entry count for : http://localhost:42607 : 1
[DEBUG] Entry count for : http://localhost:50791 : 1
[DEBUG] Entry count for : http://localhost:30179 : 1
[DEBUG] Entry count for : http://localhost:50740 : 1
[DEBUG] 

Request DefaultHttpRequest(decodeResult: success, version: HTTP/1.1)
POST /session/a7c9c29b09fb1a61e756390d66f808dd/element/6ab72ea2-6a63-40f8-8765-ea3178d5e1f6/click HTTP/1.1
User-Agent: selenium/4.8.3 (java windows)
Content-Length: 50
Content-Type: application/json; charset=utf-8
host: localhost:38908
accept: */*

Response DefaultHttpResponse(decodeResult: success, version: HTTP/1.1)
HTTP/1.1 200 OK
Content-Length: 14
Content-Type: application/json; charset=utf-8
cache-control: no-cache

[DEBUG] Adding key: http://localhost:38908 for channel [id: 0x109bee03, L:/127.0.0.1:50785 - R:localhost/127.0.0.1:38908]
[DEBUG] Using pooled Channel '[id: 0x109bee03, L:/127.0.0.1:50785 - R:localhost/127.0.0.1:38908]' for 'POST' to 'http://localhost:38908/session/a7c9c29b09fb1a61e756390d66f808dd/element'
[DEBUG] Using open Channel [id: 0x109bee03, L:/127.0.0.1:50785 - R:localhost/127.0.0.1:38908] for POST '/session/a7c9c29b09fb1a61e756390d66f808dd/element'
[DEBUG] 

Request DefaultHttpRequest(decodeResult: success, version: HTTP/1.1)
POST /session/a7c9c29b09fb1a61e756390d66f808dd/element HTTP/1.1
User-Agent: selenium/4.8.3 (java windows)
Content-Length: 46
Content-Type: application/json; charset=utf-8
host: localhost:38908
accept: */*

Response DefaultHttpResponse(decodeResult: success, version: HTTP/1.1)
HTTP/1.1 200 OK
Content-Length: 88
Content-Type: application/json; charset=utf-8
cache-control: no-cache

[DEBUG] Adding key: http://localhost:38908 for channel [id: 0x109bee03, L:/127.0.0.1:50785 - R:localhost/127.0.0.1:38908]
[DEBUG] Using pooled Channel '[id: 0x109bee03, L:/127.0.0.1:50785 - R:localhost/127.0.0.1:38908]' for 'POST' to 'http://localhost:38908/session/a7c9c29b09fb1a61e756390d66f808dd/element/29df51ad-ae43-4b22-aac2-1dda5e3b504e/click'
[DEBUG] Using open Channel [id: 0x109bee03, L:/127.0.0.1:50785 - R:localhost/127.0.0.1:38908] for POST '/session/a7c9c29b09fb1a61e756390d66f808dd/element/29df51ad-ae43-4b22-aac2-1dda5e3b504e/click'
[DEBUG] 

Request DefaultHttpRequest(decodeResult: success, version: HTTP/1.1)
POST /session/a7c9c29b09fb1a61e756390d66f808dd/element/29df51ad-ae43-4b22-aac2-1dda5e3b504e/click HTTP/1.1
User-Agent: selenium/4.8.3 (java windows)
Content-Length: 50
Content-Type: application/json; charset=utf-8
host: localhost:38908
accept: */*

Response DefaultHttpResponse(decodeResult: success, version: HTTP/1.1)
HTTP/1.1 200 OK
Content-Length: 14
Content-Type: application/json; charset=utf-8
cache-control: no-cache

[DEBUG] Adding key: http://localhost:38908 for channel [id: 0x109bee03, L:/127.0.0.1:50785 - R:localhost/127.0.0.1:38908]
[DEBUG] Using pooled Channel '[id: 0x109bee03, L:/127.0.0.1:50785 - R:localhost/127.0.0.1:38908]' for 'POST' to 'http://localhost:38908/session/a7c9c29b09fb1a61e756390d66f808dd/element'
[DEBUG] Using open Channel [id: 0x109bee03, L:/127.0.0.1:50785 - R:localhost/127.0.0.1:38908] for POST '/session/a7c9c29b09fb1a61e756390d66f808dd/element'
[DEBUG] 

Request DefaultHttpRequest(decodeResult: success, version: HTTP/1.1)
POST /session/a7c9c29b09fb1a61e756390d66f808dd/element HTTP/1.1
User-Agent: selenium/4.8.3 (java windows)
Content-Length: 58
Content-Type: application/json; charset=utf-8
host: localhost:38908
accept: */*

Response DefaultHttpResponse(decodeResult: success, version: HTTP/1.1)
HTTP/1.1 200 OK
Content-Length: 88
Content-Type: application/json; charset=utf-8
cache-control: no-cache

[DEBUG] Adding key: http://localhost:38908 for channel [id: 0x109bee03, L:/127.0.0.1:50785 - R:localhost/127.0.0.1:38908]
[DEBUG] Using pooled Channel '[id: 0x109bee03, L:/127.0.0.1:50785 - R:localhost/127.0.0.1:38908]' for 'POST' to 'http://localhost:38908/session/a7c9c29b09fb1a61e756390d66f808dd/element/9bcdc1f7-5157-4d1c-8076-215f540bdea7/value'
[DEBUG] Using open Channel [id: 0x109bee03, L:/127.0.0.1:50785 - R:localhost/127.0.0.1:38908] for POST '/session/a7c9c29b09fb1a61e756390d66f808dd/element/9bcdc1f7-5157-4d1c-8076-215f540bdea7/value'
[DEBUG] 

Request DefaultHttpRequest(decodeResult: success, version: HTTP/1.1)
POST /session/a7c9c29b09fb1a61e756390d66f808dd/element/9bcdc1f7-5157-4d1c-8076-215f540bdea7/value HTTP/1.1
User-Agent: selenium/4.8.3 (java windows)
Content-Length: 281
Content-Type: application/json; charset=utf-8
host: localhost:38908
accept: */*

Response DefaultHttpResponse(decodeResult: success, version: HTTP/1.1)
HTTP/1.1 200 OK
Content-Length: 14
Content-Type: application/json; charset=utf-8
cache-control: no-cache

[DEBUG] Adding key: http://localhost:38908 for channel [id: 0x109bee03, L:/127.0.0.1:50785 - R:localhost/127.0.0.1:38908]
[DEBUG] Using pooled Channel '[id: 0x109bee03, L:/127.0.0.1:50785 - R:localhost/127.0.0.1:38908]' for 'POST' to 'http://localhost:38908/session/a7c9c29b09fb1a61e756390d66f808dd/element'
[DEBUG] Using open Channel [id: 0x109bee03, L:/127.0.0.1:50785 - R:localhost/127.0.0.1:38908] for POST '/session/a7c9c29b09fb1a61e756390d66f808dd/element'
[DEBUG] 

Request DefaultHttpRequest(decodeResult: success, version: HTTP/1.1)
POST /session/a7c9c29b09fb1a61e756390d66f808dd/element HTTP/1.1
User-Agent: selenium/4.8.3 (java windows)
Content-Length: 61
Content-Type: application/json; charset=utf-8
host: localhost:38908
accept: */*

Response DefaultHttpResponse(decodeResult: success, version: HTTP/1.1)
HTTP/1.1 200 OK
Content-Length: 88
Content-Type: application/json; charset=utf-8
cache-control: no-cache

[DEBUG] Adding key: http://localhost:38908 for channel [id: 0x109bee03, L:/127.0.0.1:50785 - R:localhost/127.0.0.1:38908]
[DEBUG] Using pooled Channel '[id: 0x109bee03, L:/127.0.0.1:50785 - R:localhost/127.0.0.1:38908]' for 'POST' to 'http://localhost:38908/session/a7c9c29b09fb1a61e756390d66f808dd/element/e118e5cf-d3ec-4a9d-aa3b-20184826c240/value'
[DEBUG] Using open Channel [id: 0x109bee03, L:/127.0.0.1:50785 - R:localhost/127.0.0.1:38908] for POST '/session/a7c9c29b09fb1a61e756390d66f808dd/element/e118e5cf-d3ec-4a9d-aa3b-20184826c240/value'
[DEBUG] 

Request DefaultHttpRequest(decodeResult: success, version: HTTP/1.1)
POST /session/a7c9c29b09fb1a61e756390d66f808dd/element/e118e5cf-d3ec-4a9d-aa3b-20184826c240/value HTTP/1.1
User-Agent: selenium/4.8.3 (java windows)
Content-Length: 121
Content-Type: application/json; charset=utf-8
host: localhost:38908
accept: */*

Response DefaultHttpResponse(decodeResult: success, version: HTTP/1.1)
HTTP/1.1 200 OK
Content-Length: 14
Content-Type: application/json; charset=utf-8
cache-control: no-cache

[DEBUG] Adding key: http://localhost:38908 for channel [id: 0x109bee03, L:/127.0.0.1:50785 - R:localhost/127.0.0.1:38908]
[DEBUG] Using pooled Channel '[id: 0x109bee03, L:/127.0.0.1:50785 - R:localhost/127.0.0.1:38908]' for 'POST' to 'http://localhost:38908/session/a7c9c29b09fb1a61e756390d66f808dd/element'
[DEBUG] Using open Channel [id: 0x109bee03, L:/127.0.0.1:50785 - R:localhost/127.0.0.1:38908] for POST '/session/a7c9c29b09fb1a61e756390d66f808dd/element'
[DEBUG] 

Request DefaultHttpRequest(decodeResult: success, version: HTTP/1.1)
POST /session/a7c9c29b09fb1a61e756390d66f808dd/element HTTP/1.1
User-Agent: selenium/4.8.3 (java windows)
Content-Length: 80
Content-Type: application/json; charset=utf-8
host: localhost:38908
accept: */*

Response DefaultHttpResponse(decodeResult: success, version: HTTP/1.1)
HTTP/1.1 200 OK
Content-Length: 88
Content-Type: application/json; charset=utf-8
cache-control: no-cache

[DEBUG] Adding key: http://localhost:38908 for channel [id: 0x109bee03, L:/127.0.0.1:50785 - R:localhost/127.0.0.1:38908]
[DEBUG] Using pooled Channel '[id: 0x109bee03, L:/127.0.0.1:50785 - R:localhost/127.0.0.1:38908]' for 'POST' to 'http://localhost:38908/session/a7c9c29b09fb1a61e756390d66f808dd/element/62645487-2e7a-486e-a4ff-3fabf9e7b62d/click'
[DEBUG] Using open Channel [id: 0x109bee03, L:/127.0.0.1:50785 - R:localhost/127.0.0.1:38908] for POST '/session/a7c9c29b09fb1a61e756390d66f808dd/element/62645487-2e7a-486e-a4ff-3fabf9e7b62d/click'
[DEBUG] 

Request DefaultHttpRequest(decodeResult: success, version: HTTP/1.1)
POST /session/a7c9c29b09fb1a61e756390d66f808dd/element/62645487-2e7a-486e-a4ff-3fabf9e7b62d/click HTTP/1.1
User-Agent: selenium/4.8.3 (java windows)
Content-Length: 50
Content-Type: application/json; charset=utf-8
host: localhost:38908
accept: */*

Response DefaultHttpResponse(decodeResult: success, version: HTTP/1.1)
HTTP/1.1 200 OK
Content-Length: 14
Content-Type: application/json; charset=utf-8
cache-control: no-cache

[DEBUG] Adding key: http://localhost:38908 for channel [id: 0x109bee03, L:/127.0.0.1:50785 - R:localhost/127.0.0.1:38908]
]]></system-out>
    <system-err><![CDATA[Starting ChromeDriver 112.0.5615.49 (bd2a7bcb881c11e8cfe3078709382934e3916914-refs/branch-heads/5615@{#936}) on port 38908
Only local connections are allowed.
Please see https://chromedriver.chromium.org/security-considerations for suggestions on keeping ChromeDriver safe.
ChromeDriver was started successfully.
Apr 22, 2023 4:07:37 PM org.openqa.selenium.devtools.CdpVersionFinder findNearestMatch
WARNING: Unable to find an exact match for CDP version 112, so returning the closest version found: 111
]]></system-err>
  </testcase>
  <testcase name="rediffLogin" classname="com.automationcode_08thApril_2023.RediffLoginTest" time="5.572">
    <system-out><![CDATA[[DEBUG] Using pooled Channel '[id: 0x109bee03, L:/127.0.0.1:50785 - R:localhost/127.0.0.1:38908]' for 'DELETE' to 'http://localhost:38908/session/a7c9c29b09fb1a61e756390d66f808dd'
[DEBUG] Using open Channel [id: 0x109bee03, L:/127.0.0.1:50785 - R:localhost/127.0.0.1:38908] for DELETE '/session/a7c9c29b09fb1a61e756390d66f808dd'
[DEBUG] Channel Closed: [id: 0x98197c5d, L:/127.0.0.1:50807 ! R:localhost/127.0.0.1:50791] with attribute NettyResponseFuture{currentRetry=0,
	isDone=1,
	isCancelled=0,
	asyncHandler=org.asynchttpclient.ws.WebSocketUpgradeHandler@46fb4b99,
	nettyRequest=org.asynchttpclient.netty.request.NettyRequest@7eac4e65,
	future=java.util.concurrent.CompletableFuture@69a4631e[Completed normally],
	uri=ws://localhost:50791/devtools/browser/450afaec-a5d9-4baa-87c2-a1546117e3f0,
	keepAlive=true,
	redirectCount=0,
	timeoutsHolder=null,
	inAuth=0,
	touch=1682194057086}
[DEBUG] Closing Channel [id: 0x98197c5d, L:/127.0.0.1:50807 ! R:localhost/127.0.0.1:50791] 
[DEBUG] Unexpected I/O exception on channel [id: 0x4ff3e52d, L:/127.0.0.1:50806 - R:localhost/127.0.0.1:50791]
java.io.IOException: An existing connection was forcibly closed by the remote host
	at sun.nio.ch.SocketDispatcher.read0(Native Method) ~[na:1.8.0_351]
	at sun.nio.ch.SocketDispatcher.read(SocketDispatcher.java:43) ~[na:1.8.0_351]
	at sun.nio.ch.IOUtil.readIntoNativeBuffer(IOUtil.java:223) ~[na:1.8.0_351]
	at sun.nio.ch.IOUtil.read(IOUtil.java:192) ~[na:1.8.0_351]
	at sun.nio.ch.SocketChannelImpl.read(SocketChannelImpl.java:378) ~[na:1.8.0_351]
	at io.netty.buffer.PooledByteBuf.setBytes(PooledByteBuf.java:256) ~[netty-buffer-4.1.90.Final.jar:4.1.90.Final]
	at io.netty.buffer.AbstractByteBuf.writeBytes(AbstractByteBuf.java:1132) ~[netty-buffer-4.1.90.Final.jar:4.1.90.Final]
	at io.netty.channel.socket.nio.NioSocketChannel.doReadBytes(NioSocketChannel.java:357) ~[netty-transport-4.1.90.Final.jar:4.1.90.Final]
	at io.netty.channel.nio.AbstractNioByteChannel$NioByteUnsafe.read(AbstractNioByteChannel.java:151) ~[netty-transport-4.1.90.Final.jar:4.1.90.Final]
	at io.netty.channel.nio.NioEventLoop.processSelectedKey(NioEventLoop.java:788) [netty-transport-4.1.90.Final.jar:4.1.90.Final]
	at io.netty.channel.nio.NioEventLoop.processSelectedKeysOptimized(NioEventLoop.java:724) [netty-transport-4.1.90.Final.jar:4.1.90.Final]
	at io.netty.channel.nio.NioEventLoop.processSelectedKeys(NioEventLoop.java:650) [netty-transport-4.1.90.Final.jar:4.1.90.Final]
	at io.netty.channel.nio.NioEventLoop.run(NioEventLoop.java:562) [netty-transport-4.1.90.Final.jar:4.1.90.Final]
	at io.netty.util.concurrent.SingleThreadEventExecutor$4.run(SingleThreadEventExecutor.java:997) [netty-common-4.1.90.Final.jar:4.1.90.Final]
	at io.netty.util.internal.ThreadExecutorMap$2.run(ThreadExecutorMap.java:74) [netty-common-4.1.90.Final.jar:4.1.90.Final]
	at io.netty.util.concurrent.FastThreadLocalRunnable.run(FastThreadLocalRunnable.java:30) [netty-common-4.1.90.Final.jar:4.1.90.Final]
	at java.lang.Thread.run(Thread.java:750) [na:1.8.0_351]
[DEBUG] Closing Channel [id: 0x4ff3e52d, L:/127.0.0.1:50806 - R:localhost/127.0.0.1:50791] 
[DEBUG] Channel Closed: [id: 0x4ff3e52d, L:/127.0.0.1:50806 ! R:localhost/127.0.0.1:50791] with attribute DISCARD
[DEBUG] 

Request DefaultFullHttpRequest(decodeResult: success, version: HTTP/1.1, content: EmptyByteBufBE)
DELETE /session/a7c9c29b09fb1a61e756390d66f808dd HTTP/1.1
User-Agent: selenium/4.8.3 (java windows)
Content-Type: application/json; charset=utf-8
host: localhost:38908
accept: */*

Response DefaultHttpResponse(decodeResult: success, version: HTTP/1.1)
HTTP/1.1 200 OK
Content-Length: 14
Content-Type: application/json; charset=utf-8
cache-control: no-cache

[DEBUG] Adding key: http://localhost:38908 for channel [id: 0x109bee03, L:/127.0.0.1:50785 - R:localhost/127.0.0.1:38908]
[DEBUG] Channel Closed: [id: 0x109bee03, L:/127.0.0.1:50785 ! R:localhost/127.0.0.1:38908] with attribute DISCARD
[DEBUG] Entry count for : http://localhost:50676 : 1
[DEBUG] Entry count for : http://localhost:13874 : 1
[DEBUG] Entry count for : http://localhost:50689 : 1
[DEBUG] Entry count for : http://localhost:38908 : 1
[DEBUG] Entry count for : http://localhost:42607 : 1
[DEBUG] Entry count for : http://localhost:50791 : 1
[DEBUG] Entry count for : http://localhost:30179 : 1
[DEBUG] Entry count for : http://localhost:50740 : 1
[DEBUG] Adding Candidate expired Channel [id: 0x109bee03, L:/127.0.0.1:50785 ! R:localhost/127.0.0.1:38908] isIdleTimeoutExpired=false isRemotelyClosed=true isTtlExpired=false
[DEBUG] Closing Idle Channel [id: 0x109bee03, L:/127.0.0.1:50785 ! R:localhost/127.0.0.1:38908]
[DEBUG] Adding Candidate expired Channel [id: 0x4ff3e52d, L:/127.0.0.1:50806 ! R:localhost/127.0.0.1:50791] isIdleTimeoutExpired=false isRemotelyClosed=true isTtlExpired=false
[DEBUG] Closing Idle Channel [id: 0x4ff3e52d, L:/127.0.0.1:50806 ! R:localhost/127.0.0.1:50791]
[DEBUG] Closed 2 connections out of 8 in 0 ms
[DEBUG] Using new Channel '[id: 0x5775ce52, L:/127.0.0.1:50950 - R:localhost/127.0.0.1:22282]' for 'POST' to '/session'
[DEBUG] Entry count for : http://localhost:50676 : 1
[DEBUG] Entry count for : http://localhost:13874 : 1
[DEBUG] Entry count for : http://localhost:50689 : 1
[DEBUG] Entry count for : http://localhost:42607 : 1
[DEBUG] Entry count for : http://localhost:30179 : 1
[DEBUG] Entry count for : http://localhost:50740 : 1
[DEBUG] 

Request DefaultHttpRequest(decodeResult: success, version: HTTP/1.1)
POST /session HTTP/1.1
User-Agent: selenium/4.8.3 (java windows)
Content-Length: 439
Content-Type: application/json; charset=utf-8
host: localhost:22282
accept: */*

Response DefaultHttpResponse(decodeResult: success, version: HTTP/1.1)
HTTP/1.1 200 OK
Content-Length: 858
Content-Type: application/json; charset=utf-8
cache-control: no-cache

[DEBUG] Adding key: http://localhost:22282 for channel [id: 0x5775ce52, L:/127.0.0.1:50950 - R:localhost/127.0.0.1:22282]
[DEBUG] Using new Channel '[id: 0x87d35413, L:/127.0.0.1:50957 - R:localhost/127.0.0.1:50951]' for 'GET' to '/json/version'
[DEBUG] 

Request DefaultFullHttpRequest(decodeResult: success, version: HTTP/1.1, content: EmptyByteBufBE)
GET /json/version HTTP/1.1
User-Agent: selenium/4.8.3 (java windows)
host: localhost:50951
accept: */*

Response DefaultHttpResponse(decodeResult: success, version: HTTP/1.1)
HTTP/1.1 200 OK
Content-Security-Policy: frame-ancestors 'none'
Content-Length: 424
Content-Type: application/json; charset=UTF-8

[DEBUG] Adding key: http://localhost:50951 for channel [id: 0x87d35413, L:/127.0.0.1:50957 - R:localhost/127.0.0.1:50951]
[DEBUG] Using new Channel '[id: 0xf67cdd65, L:/127.0.0.1:50958 - R:localhost/127.0.0.1:50951]' for 'GET' to '/devtools/browser/2060c452-49c7-41f6-88fa-24903ca0652a'
[DEBUG] 

Request DefaultFullHttpRequest(decodeResult: success, version: HTTP/1.1, content: EmptyByteBufBE)
GET /devtools/browser/2060c452-49c7-41f6-88fa-24903ca0652a HTTP/1.1
upgrade: websocket
connection: upgrade
sec-websocket-key: /Te5Wo1U5xoiOubV7sDbiw==
sec-websocket-version: 13
origin: http://localhost:50951
host: localhost:50951
accept: */*
user-agent: AHC/2.1

Response DefaultHttpResponse(decodeResult: success, version: HTTP/1.1)
HTTP/1.1 101 WebSocket Protocol Handshake
Upgrade: WebSocket
Connection: Upgrade
Sec-WebSocket-Accept: X7p+sHZ56jIYiOTlrTAfEcZTEbE=

[DEBUG] Using pooled Channel '[id: 0x5775ce52, L:/127.0.0.1:50950 - R:localhost/127.0.0.1:22282]' for 'POST' to 'http://localhost:22282/session/78afe024e2d6873371d28077bdc56b5f/window/maximize'
[DEBUG] Using open Channel [id: 0x5775ce52, L:/127.0.0.1:50950 - R:localhost/127.0.0.1:22282] for POST '/session/78afe024e2d6873371d28077bdc56b5f/window/maximize'
[DEBUG] 

Request DefaultHttpRequest(decodeResult: success, version: HTTP/1.1)
POST /session/78afe024e2d6873371d28077bdc56b5f/window/maximize HTTP/1.1
User-Agent: selenium/4.8.3 (java windows)
Content-Length: 3
Content-Type: application/json; charset=utf-8
host: localhost:22282
accept: */*

Response DefaultHttpResponse(decodeResult: success, version: HTTP/1.1)
HTTP/1.1 200 OK
Content-Length: 52
Content-Type: application/json; charset=utf-8
cache-control: no-cache

[DEBUG] Adding key: http://localhost:22282 for channel [id: 0x5775ce52, L:/127.0.0.1:50950 - R:localhost/127.0.0.1:22282]
[DEBUG] Using pooled Channel '[id: 0x5775ce52, L:/127.0.0.1:50950 - R:localhost/127.0.0.1:22282]' for 'POST' to 'http://localhost:22282/session/78afe024e2d6873371d28077bdc56b5f/timeouts'
[DEBUG] Using open Channel [id: 0x5775ce52, L:/127.0.0.1:50950 - R:localhost/127.0.0.1:22282] for POST '/session/78afe024e2d6873371d28077bdc56b5f/timeouts'
[DEBUG] 

Request DefaultHttpRequest(decodeResult: success, version: HTTP/1.1)
POST /session/78afe024e2d6873371d28077bdc56b5f/timeouts HTTP/1.1
User-Agent: selenium/4.8.3 (java windows)
Content-Length: 23
Content-Type: application/json; charset=utf-8
host: localhost:22282
accept: */*

Response DefaultHttpResponse(decodeResult: success, version: HTTP/1.1)
HTTP/1.1 200 OK
Content-Length: 14
Content-Type: application/json; charset=utf-8
cache-control: no-cache

[DEBUG] Adding key: http://localhost:22282 for channel [id: 0x5775ce52, L:/127.0.0.1:50950 - R:localhost/127.0.0.1:22282]
[DEBUG] Using pooled Channel '[id: 0x5775ce52, L:/127.0.0.1:50950 - R:localhost/127.0.0.1:22282]' for 'POST' to 'http://localhost:22282/session/78afe024e2d6873371d28077bdc56b5f/url'
[DEBUG] Using open Channel [id: 0x5775ce52, L:/127.0.0.1:50950 - R:localhost/127.0.0.1:22282] for POST '/session/78afe024e2d6873371d28077bdc56b5f/url'
[DEBUG] Entry count for : http://localhost:50676 : 1
[DEBUG] Entry count for : http://localhost:50951 : 1
[DEBUG] Entry count for : http://localhost:13874 : 1
[DEBUG] Entry count for : http://localhost:50689 : 1
[DEBUG] Entry count for : http://localhost:42607 : 1
[DEBUG] Entry count for : http://localhost:30179 : 1
[DEBUG] Entry count for : http://localhost:50740 : 1
[DEBUG] Entry count for : http://localhost:50676 : 1
[DEBUG] Entry count for : http://localhost:50951 : 1
[DEBUG] Entry count for : http://localhost:13874 : 1
[DEBUG] Entry count for : http://localhost:50689 : 1
[DEBUG] Entry count for : http://localhost:42607 : 1
[DEBUG] Entry count for : http://localhost:30179 : 1
[DEBUG] Entry count for : http://localhost:50740 : 1
[DEBUG] Entry count for : http://localhost:50676 : 1
[DEBUG] Entry count for : http://localhost:50951 : 1
[DEBUG] Entry count for : http://localhost:13874 : 1
[DEBUG] Entry count for : http://localhost:50689 : 1
[DEBUG] Entry count for : http://localhost:42607 : 1
[DEBUG] Entry count for : http://localhost:30179 : 1
[DEBUG] Entry count for : http://localhost:50740 : 1
[DEBUG] 

Request DefaultHttpRequest(decodeResult: success, version: HTTP/1.1)
POST /session/78afe024e2d6873371d28077bdc56b5f/url HTTP/1.1
User-Agent: selenium/4.8.3 (java windows)
Content-Length: 76
Content-Type: application/json; charset=utf-8
host: localhost:22282
accept: */*

Response DefaultHttpResponse(decodeResult: success, version: HTTP/1.1)
HTTP/1.1 200 OK
Content-Length: 14
Content-Type: application/json; charset=utf-8
cache-control: no-cache

[DEBUG] Adding key: http://localhost:22282 for channel [id: 0x5775ce52, L:/127.0.0.1:50950 - R:localhost/127.0.0.1:22282]
[DEBUG] Using pooled Channel '[id: 0x5775ce52, L:/127.0.0.1:50950 - R:localhost/127.0.0.1:22282]' for 'POST' to 'http://localhost:22282/session/78afe024e2d6873371d28077bdc56b5f/element'
[DEBUG] Using open Channel [id: 0x5775ce52, L:/127.0.0.1:50950 - R:localhost/127.0.0.1:22282] for POST '/session/78afe024e2d6873371d28077bdc56b5f/element'
[DEBUG] 

Request DefaultHttpRequest(decodeResult: success, version: HTTP/1.1)
POST /session/78afe024e2d6873371d28077bdc56b5f/element HTTP/1.1
User-Agent: selenium/4.8.3 (java windows)
Content-Length: 51
Content-Type: application/json; charset=utf-8
host: localhost:22282
accept: */*

Response DefaultHttpResponse(decodeResult: success, version: HTTP/1.1)
HTTP/1.1 200 OK
Content-Length: 88
Content-Type: application/json; charset=utf-8
cache-control: no-cache

[DEBUG] Adding key: http://localhost:22282 for channel [id: 0x5775ce52, L:/127.0.0.1:50950 - R:localhost/127.0.0.1:22282]
[DEBUG] Using pooled Channel '[id: 0x5775ce52, L:/127.0.0.1:50950 - R:localhost/127.0.0.1:22282]' for 'POST' to 'http://localhost:22282/session/78afe024e2d6873371d28077bdc56b5f/element/74daa70f-6a2c-46d4-b1fe-2d03097bb4d4/value'
[DEBUG] Using open Channel [id: 0x5775ce52, L:/127.0.0.1:50950 - R:localhost/127.0.0.1:22282] for POST '/session/78afe024e2d6873371d28077bdc56b5f/element/74daa70f-6a2c-46d4-b1fe-2d03097bb4d4/value'
[DEBUG] 

Request DefaultHttpRequest(decodeResult: success, version: HTTP/1.1)
POST /session/78afe024e2d6873371d28077bdc56b5f/element/74daa70f-6a2c-46d4-b1fe-2d03097bb4d4/value HTTP/1.1
User-Agent: selenium/4.8.3 (java windows)
Content-Length: 121
Content-Type: application/json; charset=utf-8
host: localhost:22282
accept: */*

Response DefaultHttpResponse(decodeResult: success, version: HTTP/1.1)
HTTP/1.1 200 OK
Content-Length: 14
Content-Type: application/json; charset=utf-8
cache-control: no-cache

[DEBUG] Adding key: http://localhost:22282 for channel [id: 0x5775ce52, L:/127.0.0.1:50950 - R:localhost/127.0.0.1:22282]
[DEBUG] Using pooled Channel '[id: 0x5775ce52, L:/127.0.0.1:50950 - R:localhost/127.0.0.1:22282]' for 'POST' to 'http://localhost:22282/session/78afe024e2d6873371d28077bdc56b5f/element'
[DEBUG] Using open Channel [id: 0x5775ce52, L:/127.0.0.1:50950 - R:localhost/127.0.0.1:22282] for POST '/session/78afe024e2d6873371d28077bdc56b5f/element'
[DEBUG] 

Request DefaultHttpRequest(decodeResult: success, version: HTTP/1.1)
POST /session/78afe024e2d6873371d28077bdc56b5f/element HTTP/1.1
User-Agent: selenium/4.8.3 (java windows)
Content-Length: 53
Content-Type: application/json; charset=utf-8
host: localhost:22282
accept: */*

Response DefaultHttpResponse(decodeResult: success, version: HTTP/1.1)
HTTP/1.1 200 OK
Content-Length: 88
Content-Type: application/json; charset=utf-8
cache-control: no-cache

[DEBUG] Adding key: http://localhost:22282 for channel [id: 0x5775ce52, L:/127.0.0.1:50950 - R:localhost/127.0.0.1:22282]
[DEBUG] Using pooled Channel '[id: 0x5775ce52, L:/127.0.0.1:50950 - R:localhost/127.0.0.1:22282]' for 'POST' to 'http://localhost:22282/session/78afe024e2d6873371d28077bdc56b5f/element/a9d096b8-3e1d-4760-88c9-4eaa9150ae9c/value'
[DEBUG] Using open Channel [id: 0x5775ce52, L:/127.0.0.1:50950 - R:localhost/127.0.0.1:22282] for POST '/session/78afe024e2d6873371d28077bdc56b5f/element/a9d096b8-3e1d-4760-88c9-4eaa9150ae9c/value'
[DEBUG] 

Request DefaultHttpRequest(decodeResult: success, version: HTTP/1.1)
POST /session/78afe024e2d6873371d28077bdc56b5f/element/a9d096b8-3e1d-4760-88c9-4eaa9150ae9c/value HTTP/1.1
User-Agent: selenium/4.8.3 (java windows)
Content-Length: 121
Content-Type: application/json; charset=utf-8
host: localhost:22282
accept: */*

Response DefaultHttpResponse(decodeResult: success, version: HTTP/1.1)
HTTP/1.1 200 OK
Content-Length: 14
Content-Type: application/json; charset=utf-8
cache-control: no-cache

[DEBUG] Adding key: http://localhost:22282 for channel [id: 0x5775ce52, L:/127.0.0.1:50950 - R:localhost/127.0.0.1:22282]
[DEBUG] Using pooled Channel '[id: 0x5775ce52, L:/127.0.0.1:50950 - R:localhost/127.0.0.1:22282]' for 'POST' to 'http://localhost:22282/session/78afe024e2d6873371d28077bdc56b5f/element'
[DEBUG] Using open Channel [id: 0x5775ce52, L:/127.0.0.1:50950 - R:localhost/127.0.0.1:22282] for POST '/session/78afe024e2d6873371d28077bdc56b5f/element'
[DEBUG] 

Request DefaultHttpRequest(decodeResult: success, version: HTTP/1.1)
POST /session/78afe024e2d6873371d28077bdc56b5f/element HTTP/1.1
User-Agent: selenium/4.8.3 (java windows)
Content-Length: 74
Content-Type: application/json; charset=utf-8
host: localhost:22282
accept: */*

Response DefaultHttpResponse(decodeResult: success, version: HTTP/1.1)
HTTP/1.1 200 OK
Content-Length: 88
Content-Type: application/json; charset=utf-8
cache-control: no-cache

[DEBUG] Adding key: http://localhost:22282 for channel [id: 0x5775ce52, L:/127.0.0.1:50950 - R:localhost/127.0.0.1:22282]
[DEBUG] Using pooled Channel '[id: 0x5775ce52, L:/127.0.0.1:50950 - R:localhost/127.0.0.1:22282]' for 'POST' to 'http://localhost:22282/session/78afe024e2d6873371d28077bdc56b5f/element/9e1954f2-a7b7-4c42-99ac-d82112ffb4d3/click'
[DEBUG] Using open Channel [id: 0x5775ce52, L:/127.0.0.1:50950 - R:localhost/127.0.0.1:22282] for POST '/session/78afe024e2d6873371d28077bdc56b5f/element/9e1954f2-a7b7-4c42-99ac-d82112ffb4d3/click'
[DEBUG] Entry count for : http://localhost:50676 : 1
[DEBUG] Entry count for : http://localhost:50951 : 1
[DEBUG] Entry count for : http://localhost:13874 : 1
[DEBUG] Entry count for : http://localhost:50689 : 1
[DEBUG] Entry count for : http://localhost:42607 : 1
[DEBUG] Entry count for : http://localhost:30179 : 1
[DEBUG] Entry count for : http://localhost:50740 : 1
[DEBUG] 

Request DefaultHttpRequest(decodeResult: success, version: HTTP/1.1)
POST /session/78afe024e2d6873371d28077bdc56b5f/element/9e1954f2-a7b7-4c42-99ac-d82112ffb4d3/click HTTP/1.1
User-Agent: selenium/4.8.3 (java windows)
Content-Length: 50
Content-Type: application/json; charset=utf-8
host: localhost:22282
accept: */*

Response DefaultHttpResponse(decodeResult: success, version: HTTP/1.1)
HTTP/1.1 200 OK
Content-Length: 14
Content-Type: application/json; charset=utf-8
cache-control: no-cache

[DEBUG] Adding key: http://localhost:22282 for channel [id: 0x5775ce52, L:/127.0.0.1:50950 - R:localhost/127.0.0.1:22282]
]]></system-out>
    <system-err><![CDATA[Starting ChromeDriver 112.0.5615.49 (bd2a7bcb881c11e8cfe3078709382934e3916914-refs/branch-heads/5615@{#936}) on port 22282
Only local connections are allowed.
Please see https://chromedriver.chromium.org/security-considerations for suggestions on keeping ChromeDriver safe.
ChromeDriver was started successfully.
Apr 22, 2023 4:07:42 PM org.openqa.selenium.devtools.CdpVersionFinder findNearestMatch
WARNING: Unable to find an exact match for CDP version 112, so returning the closest version found: 111
]]></system-err>
  </testcase>
  <testcase name="keyBoardActionsItems" classname="com.automationcode_01stApril_2023.Actions_keyboard" time="8.851">
    <system-out><![CDATA[[DEBUG] Channel Closed: [id: 0xf67cdd65, L:/127.0.0.1:50958 ! R:localhost/127.0.0.1:50951] with attribute NettyResponseFuture{currentRetry=0,
	isDone=1,
	isCancelled=0,
	asyncHandler=org.asynchttpclient.ws.WebSocketUpgradeHandler@1f185c4e,
	nettyRequest=org.asynchttpclient.netty.request.NettyRequest@5a1ad1c9,
	future=java.util.concurrent.CompletableFuture@4ed74473[Completed normally],
	uri=ws://localhost:50951/devtools/browser/2060c452-49c7-41f6-88fa-24903ca0652a,
	keepAlive=true,
	redirectCount=0,
	timeoutsHolder=null,
	inAuth=0,
	touch=1682194062784}
[DEBUG] Using pooled Channel '[id: 0x5775ce52, L:/127.0.0.1:50950 - R:localhost/127.0.0.1:22282]' for 'DELETE' to 'http://localhost:22282/session/78afe024e2d6873371d28077bdc56b5f'
[DEBUG] Closing Channel [id: 0xf67cdd65, L:/127.0.0.1:50958 ! R:localhost/127.0.0.1:50951] 
[DEBUG] Using open Channel [id: 0x5775ce52, L:/127.0.0.1:50950 - R:localhost/127.0.0.1:22282] for DELETE '/session/78afe024e2d6873371d28077bdc56b5f'
[DEBUG] Unexpected I/O exception on channel [id: 0x87d35413, L:/127.0.0.1:50957 - R:localhost/127.0.0.1:50951]
java.io.IOException: An existing connection was forcibly closed by the remote host
	at sun.nio.ch.SocketDispatcher.read0(Native Method) ~[na:1.8.0_351]
	at sun.nio.ch.SocketDispatcher.read(SocketDispatcher.java:43) ~[na:1.8.0_351]
	at sun.nio.ch.IOUtil.readIntoNativeBuffer(IOUtil.java:223) ~[na:1.8.0_351]
	at sun.nio.ch.IOUtil.read(IOUtil.java:192) ~[na:1.8.0_351]
	at sun.nio.ch.SocketChannelImpl.read(SocketChannelImpl.java:378) ~[na:1.8.0_351]
	at io.netty.buffer.PooledByteBuf.setBytes(PooledByteBuf.java:256) ~[netty-buffer-4.1.90.Final.jar:4.1.90.Final]
	at io.netty.buffer.AbstractByteBuf.writeBytes(AbstractByteBuf.java:1132) ~[netty-buffer-4.1.90.Final.jar:4.1.90.Final]
	at io.netty.channel.socket.nio.NioSocketChannel.doReadBytes(NioSocketChannel.java:357) ~[netty-transport-4.1.90.Final.jar:4.1.90.Final]
	at io.netty.channel.nio.AbstractNioByteChannel$NioByteUnsafe.read(AbstractNioByteChannel.java:151) ~[netty-transport-4.1.90.Final.jar:4.1.90.Final]
	at io.netty.channel.nio.NioEventLoop.processSelectedKey(NioEventLoop.java:788) [netty-transport-4.1.90.Final.jar:4.1.90.Final]
	at io.netty.channel.nio.NioEventLoop.processSelectedKeysOptimized(NioEventLoop.java:724) [netty-transport-4.1.90.Final.jar:4.1.90.Final]
	at io.netty.channel.nio.NioEventLoop.processSelectedKeys(NioEventLoop.java:650) [netty-transport-4.1.90.Final.jar:4.1.90.Final]
	at io.netty.channel.nio.NioEventLoop.run(NioEventLoop.java:562) [netty-transport-4.1.90.Final.jar:4.1.90.Final]
	at io.netty.util.concurrent.SingleThreadEventExecutor$4.run(SingleThreadEventExecutor.java:997) [netty-common-4.1.90.Final.jar:4.1.90.Final]
	at io.netty.util.internal.ThreadExecutorMap$2.run(ThreadExecutorMap.java:74) [netty-common-4.1.90.Final.jar:4.1.90.Final]
	at io.netty.util.concurrent.FastThreadLocalRunnable.run(FastThreadLocalRunnable.java:30) [netty-common-4.1.90.Final.jar:4.1.90.Final]
	at java.lang.Thread.run(Thread.java:750) [na:1.8.0_351]
[DEBUG] Closing Channel [id: 0x87d35413, L:/127.0.0.1:50957 - R:localhost/127.0.0.1:50951] 
[DEBUG] Channel Closed: [id: 0x87d35413, L:/127.0.0.1:50957 ! R:localhost/127.0.0.1:50951] with attribute DISCARD
[DEBUG] 

Request DefaultFullHttpRequest(decodeResult: success, version: HTTP/1.1, content: EmptyByteBufBE)
DELETE /session/78afe024e2d6873371d28077bdc56b5f HTTP/1.1
User-Agent: selenium/4.8.3 (java windows)
Content-Type: application/json; charset=utf-8
host: localhost:22282
accept: */*

Response DefaultHttpResponse(decodeResult: success, version: HTTP/1.1)
HTTP/1.1 200 OK
Content-Length: 14
Content-Type: application/json; charset=utf-8
cache-control: no-cache

[DEBUG] Adding key: http://localhost:22282 for channel [id: 0x5775ce52, L:/127.0.0.1:50950 - R:localhost/127.0.0.1:22282]
[DEBUG] Channel Closed: [id: 0x5775ce52, L:/127.0.0.1:50950 ! R:localhost/127.0.0.1:22282] with attribute DISCARD
[DEBUG] Entry count for : http://localhost:50676 : 1
[DEBUG] Entry count for : http://localhost:50951 : 1
[DEBUG] Entry count for : http://localhost:13874 : 1
[DEBUG] Entry count for : http://localhost:50689 : 1
[DEBUG] Entry count for : http://localhost:42607 : 1
[DEBUG] Entry count for : http://localhost:22282 : 1
[DEBUG] Entry count for : http://localhost:30179 : 1
[DEBUG] Entry count for : http://localhost:50740 : 1
[DEBUG] Adding Candidate expired Channel [id: 0x87d35413, L:/127.0.0.1:50957 ! R:localhost/127.0.0.1:50951] isIdleTimeoutExpired=false isRemotelyClosed=true isTtlExpired=false
[DEBUG] Closing Idle Channel [id: 0x87d35413, L:/127.0.0.1:50957 ! R:localhost/127.0.0.1:50951]
[DEBUG] Adding Candidate expired Channel [id: 0x5775ce52, L:/127.0.0.1:50950 ! R:localhost/127.0.0.1:22282] isIdleTimeoutExpired=false isRemotelyClosed=true isTtlExpired=false
[DEBUG] Closing Idle Channel [id: 0x5775ce52, L:/127.0.0.1:50950 ! R:localhost/127.0.0.1:22282]
[DEBUG] Closed 2 connections out of 8 in 0 ms
[DEBUG] Using new Channel '[id: 0xf5f6ae50, L:/127.0.0.1:51003 - R:localhost/127.0.0.1:39624]' for 'POST' to '/session'
[DEBUG] Entry count for : http://localhost:50676 : 1
[DEBUG] Entry count for : http://localhost:13874 : 1
[DEBUG] Entry count for : http://localhost:50689 : 1
[DEBUG] Entry count for : http://localhost:42607 : 1
[DEBUG] Entry count for : http://localhost:30179 : 1
[DEBUG] Entry count for : http://localhost:50740 : 1
[DEBUG] Entry count for : http://localhost:50676 : 1
[DEBUG] Entry count for : http://localhost:13874 : 1
[DEBUG] Entry count for : http://localhost:50689 : 1
[DEBUG] Entry count for : http://localhost:42607 : 1
[DEBUG] Entry count for : http://localhost:30179 : 1
[DEBUG] Entry count for : http://localhost:50740 : 1
[DEBUG] Entry count for : http://localhost:50676 : 1
[DEBUG] Entry count for : http://localhost:13874 : 1
[DEBUG] Entry count for : http://localhost:50689 : 1
[DEBUG] Entry count for : http://localhost:42607 : 1
[DEBUG] Entry count for : http://localhost:30179 : 1
[DEBUG] Entry count for : http://localhost:50740 : 1
[DEBUG] 

Request DefaultHttpRequest(decodeResult: success, version: HTTP/1.1)
POST /session HTTP/1.1
User-Agent: selenium/4.8.3 (java windows)
Content-Length: 381
Content-Type: application/json; charset=utf-8
host: localhost:39624
accept: */*

Response DefaultHttpResponse(decodeResult: success, version: HTTP/1.1)
HTTP/1.1 200 OK
content-type: application/json; charset=utf-8
cache-control: no-cache
content-length: 791
date: Sat, 22 Apr 2023 20:07:49 GMT

[DEBUG] Adding key: http://localhost:39624 for channel [id: 0xf5f6ae50, L:/127.0.0.1:51003 - R:localhost/127.0.0.1:39624]
[DEBUG] Using new Channel '[id: 0xe6d2d630, L:/127.0.0.1:51026 - R:/127.0.0.1:35620]' for 'GET' to '/json/version'
[DEBUG] 

Request DefaultFullHttpRequest(decodeResult: success, version: HTTP/1.1, content: EmptyByteBufBE)
GET /json/version HTTP/1.1
User-Agent: selenium/4.8.3 (java windows)
host: 127.0.0.1:35620
accept: */*

Response DefaultHttpResponse(decodeResult: success, version: HTTP/1.1)
HTTP/1.1 200 OK
content-type: application/json
connection: close
server: httpd.js
date: Sat, 22 Apr 2023 20:07:51 GMT
content-length: 311

[DEBUG] Closing Channel [id: 0xe6d2d630, L:/127.0.0.1:51026 - R:/127.0.0.1:35620] 
[DEBUG] Channel Closed: [id: 0xe6d2d630, L:/127.0.0.1:51026 ! R:/127.0.0.1:35620] with attribute DISCARD
[DEBUG] Using pooled Channel '[id: 0xf5f6ae50, L:/127.0.0.1:51003 - R:localhost/127.0.0.1:39624]' for 'POST' to 'http://localhost:39624/session/3e3da78c-bc98-418b-a695-e20824191d16/window/maximize'
[DEBUG] Using open Channel [id: 0xf5f6ae50, L:/127.0.0.1:51003 - R:localhost/127.0.0.1:39624] for POST '/session/3e3da78c-bc98-418b-a695-e20824191d16/window/maximize'
[DEBUG] 

Request DefaultHttpRequest(decodeResult: success, version: HTTP/1.1)
POST /session/3e3da78c-bc98-418b-a695-e20824191d16/window/maximize HTTP/1.1
User-Agent: selenium/4.8.3 (java windows)
Content-Length: 3
Content-Type: application/json; charset=utf-8
host: localhost:39624
accept: */*

Response DefaultHttpResponse(decodeResult: success, version: HTTP/1.1)
HTTP/1.1 200 OK
content-type: application/json; charset=utf-8
cache-control: no-cache
content-length: 52
date: Sat, 22 Apr 2023 20:07:51 GMT

[DEBUG] Adding key: http://localhost:39624 for channel [id: 0xf5f6ae50, L:/127.0.0.1:51003 - R:localhost/127.0.0.1:39624]
[DEBUG] Using pooled Channel '[id: 0xf5f6ae50, L:/127.0.0.1:51003 - R:localhost/127.0.0.1:39624]' for 'POST' to 'http://localhost:39624/session/3e3da78c-bc98-418b-a695-e20824191d16/url'
[DEBUG] Using open Channel [id: 0xf5f6ae50, L:/127.0.0.1:51003 - R:localhost/127.0.0.1:39624] for POST '/session/3e3da78c-bc98-418b-a695-e20824191d16/url'
[DEBUG] Entry count for : http://localhost:50676 : 1
[DEBUG] Entry count for : http://localhost:13874 : 1
[DEBUG] Entry count for : http://localhost:50689 : 1
[DEBUG] Entry count for : http://localhost:42607 : 1
[DEBUG] Entry count for : http://localhost:30179 : 1
[DEBUG] Entry count for : http://localhost:50740 : 1
[DEBUG] Entry count for : http://localhost:50676 : 1
[DEBUG] Entry count for : http://localhost:13874 : 1
[DEBUG] Entry count for : http://localhost:50689 : 1
[DEBUG] Entry count for : http://localhost:42607 : 1
[DEBUG] Entry count for : http://localhost:30179 : 1
[DEBUG] Entry count for : http://localhost:50740 : 1
[DEBUG] Entry count for : http://localhost:50676 : 1
[DEBUG] Entry count for : http://localhost:13874 : 1
[DEBUG] Entry count for : http://localhost:50689 : 1
[DEBUG] Entry count for : http://localhost:42607 : 1
[DEBUG] Entry count for : http://localhost:30179 : 1
[DEBUG] Entry count for : http://localhost:50740 : 1
[DEBUG] Entry count for : http://localhost:50676 : 1
[DEBUG] Entry count for : http://localhost:13874 : 1
[DEBUG] Entry count for : http://localhost:50689 : 1
[DEBUG] Entry count for : http://localhost:42607 : 1
[DEBUG] Entry count for : http://localhost:30179 : 1
[DEBUG] Entry count for : http://localhost:50740 : 1
[DEBUG] 

Request DefaultHttpRequest(decodeResult: success, version: HTTP/1.1)
POST /session/3e3da78c-bc98-418b-a695-e20824191d16/url HTTP/1.1
User-Agent: selenium/4.8.3 (java windows)
Content-Length: 66
Content-Type: application/json; charset=utf-8
host: localhost:39624
accept: */*

Response DefaultHttpResponse(decodeResult: success, version: HTTP/1.1)
HTTP/1.1 200 OK
content-type: application/json; charset=utf-8
cache-control: no-cache
content-length: 14
date: Sat, 22 Apr 2023 20:07:51 GMT

[DEBUG] Adding key: http://localhost:39624 for channel [id: 0xf5f6ae50, L:/127.0.0.1:51003 - R:localhost/127.0.0.1:39624]
[DEBUG] Using pooled Channel '[id: 0xf5f6ae50, L:/127.0.0.1:51003 - R:localhost/127.0.0.1:39624]' for 'POST' to 'http://localhost:39624/session/3e3da78c-bc98-418b-a695-e20824191d16/element'
[DEBUG] Using open Channel [id: 0xf5f6ae50, L:/127.0.0.1:51003 - R:localhost/127.0.0.1:39624] for POST '/session/3e3da78c-bc98-418b-a695-e20824191d16/element'
[DEBUG] 

Request DefaultHttpRequest(decodeResult: success, version: HTTP/1.1)
POST /session/3e3da78c-bc98-418b-a695-e20824191d16/element HTTP/1.1
User-Agent: selenium/4.8.3 (java windows)
Content-Length: 51
Content-Type: application/json; charset=utf-8
host: localhost:39624
accept: */*

Response DefaultHttpResponse(decodeResult: success, version: HTTP/1.1)
HTTP/1.1 200 OK
content-type: application/json; charset=utf-8
cache-control: no-cache
content-length: 88
date: Sat, 22 Apr 2023 20:07:56 GMT

[DEBUG] Adding key: http://localhost:39624 for channel [id: 0xf5f6ae50, L:/127.0.0.1:51003 - R:localhost/127.0.0.1:39624]
[DEBUG] Using pooled Channel '[id: 0xf5f6ae50, L:/127.0.0.1:51003 - R:localhost/127.0.0.1:39624]' for 'POST' to 'http://localhost:39624/session/3e3da78c-bc98-418b-a695-e20824191d16/element/ffb6679c-e7a9-44fb-b1e0-19e394a42bbd/click'
[DEBUG] Using open Channel [id: 0xf5f6ae50, L:/127.0.0.1:51003 - R:localhost/127.0.0.1:39624] for POST '/session/3e3da78c-bc98-418b-a695-e20824191d16/element/ffb6679c-e7a9-44fb-b1e0-19e394a42bbd/click'
[DEBUG] Entry count for : http://localhost:50676 : 1
[DEBUG] Entry count for : http://localhost:13874 : 1
[DEBUG] Entry count for : http://localhost:50689 : 1
[DEBUG] Entry count for : http://localhost:42607 : 1
[DEBUG] Entry count for : http://localhost:30179 : 1
[DEBUG] Entry count for : http://localhost:50740 : 1
[DEBUG] 

Request DefaultHttpRequest(decodeResult: success, version: HTTP/1.1)
POST /session/3e3da78c-bc98-418b-a695-e20824191d16/element/ffb6679c-e7a9-44fb-b1e0-19e394a42bbd/click HTTP/1.1
User-Agent: selenium/4.8.3 (java windows)
Content-Length: 50
Content-Type: application/json; charset=utf-8
host: localhost:39624
accept: */*

Response DefaultHttpResponse(decodeResult: success, version: HTTP/1.1)
HTTP/1.1 200 OK
content-type: application/json; charset=utf-8
cache-control: no-cache
content-length: 14
date: Sat, 22 Apr 2023 20:07:56 GMT

[DEBUG] Adding key: http://localhost:39624 for channel [id: 0xf5f6ae50, L:/127.0.0.1:51003 - R:localhost/127.0.0.1:39624]
]]></system-out>
    <system-err><![CDATA[1682194069005	geckodriver	INFO	Listening on 127.0.0.1:39624
1682194069063	mozrunner::runner	INFO	Running command: "C:\\Program Files\\Mozilla Firefox\\firefox.exe" "--marionette" "--remote-debugging-port" "35620" "--remote ... localhost:35620/,http://[::1]:35620/" "-no-remote" "-profile" "C:\\Users\\shams\\AppData\\Local\\Temp\\rust_mozprofilePwXp1V"
console.warn: services.settings: Ignoring preference override of remote settings server
console.warn: services.settings: Allow by setting MOZ_REMOTE_SETTINGS_DEVTOOLS=1 in the environment
1682194069466	Marionette	INFO	Marionette enabled
Dynamically enable window occlusion 0
1682194069473	Marionette	INFO	Listening on port 51007
Read port: 51007
WebDriver BiDi listening on ws://127.0.0.1:35620
1682194069625	RemoteAgent	WARN	TLS certificate errors will be ignored for this session
console.warn: SearchSettings: "get: No settings file exists, new profile?" (new NotFoundError("Could not open the file at C:\\Users\\shams\\AppData\\Local\\Temp\\rust_mozprofilePwXp1V\\search.json.mozlz4", (void 0)))
[ERROR glean_core] Error setting metrics feature config: Json(Error("EOF while parsing a value", line: 1, column: 0))
DevTools listening on ws://127.0.0.1:35620/devtools/browser/a6e126ea-0429-4344-8f18-4d7957b4bad9
]]></system-err>
  </testcase>
  <testcase name="testCase1Annotation" classname="learningTestNG.TestNG_Annotations" time="0">
    <system-out><![CDATA[This is Before Class
This is Before Method
This is Test Case 1
]]></system-out>
  </testcase>
  <testcase name="testCase2Annotation" classname="learningTestNG.TestNG_Annotations" time="0">
    <system-out><![CDATA[This is After Method
This is Before Method
This is Test Case 2
]]></system-out>
  </testcase>
  <testcase name="testCase3Annotation" classname="learningTestNG.TestNG_Annotations" time="0.001">
    <failure message="null" type="java.lang.AssertionError"><![CDATA[java.lang.AssertionError: null
	at org.testng.Assert.fail(Assert.java:96)
	at org.testng.Assert.fail(Assert.java:103)
	at learningTestNG.TestNG_Annotations.testCase3Annotation(TestNG_Annotations.java:20)
	at sun.reflect.NativeMethodAccessorImpl.invoke0(Native Method)
	at sun.reflect.NativeMethodAccessorImpl.invoke(NativeMethodAccessorImpl.java:62)
	at sun.reflect.DelegatingMethodAccessorImpl.invoke(DelegatingMethodAccessorImpl.java:43)
	at java.lang.reflect.Method.invoke(Method.java:498)
	at org.testng.internal.MethodInvocationHelper.invokeMethod(MethodInvocationHelper.java:124)
	at org.testng.internal.Invoker.invokeMethod(Invoker.java:583)
	at org.testng.internal.Invoker.invokeTestMethod(Invoker.java:719)
	at org.testng.internal.Invoker.invokeTestMethods(Invoker.java:989)
	at org.testng.internal.TestMethodWorker.invokeTestMethods(TestMethodWorker.java:125)
	at org.testng.internal.TestMethodWorker.run(TestMethodWorker.java:109)
	at org.testng.TestRunner.privateRun(TestRunner.java:648)
	at org.testng.TestRunner.run(TestRunner.java:505)
	at org.testng.SuiteRunner.runTest(SuiteRunner.java:455)
	at org.testng.SuiteRunner.runSequentially(SuiteRunner.java:450)
	at org.testng.SuiteRunner.privateRun(SuiteRunner.java:415)
	at org.testng.SuiteRunner.run(SuiteRunner.java:364)
	at org.testng.SuiteRunnerWorker.runSuite(SuiteRunnerWorker.java:52)
	at org.testng.SuiteRunnerWorker.run(SuiteRunnerWorker.java:84)
	at org.testng.TestNG.runSuitesSequentially(TestNG.java:1208)
	at org.testng.TestNG.runSuitesLocally(TestNG.java:1137)
	at org.testng.TestNG.runSuites(TestNG.java:1049)
	at org.testng.TestNG.run(TestNG.java:1017)
	at org.apache.maven.surefire.testng.TestNGExecutor.run(TestNGExecutor.java:324)
	at org.apache.maven.surefire.testng.TestNGXmlTestSuite.execute(TestNGXmlTestSuite.java:74)
	at org.apache.maven.surefire.testng.TestNGProvider.invoke(TestNGProvider.java:123)
	at org.apache.maven.surefire.booter.ForkedBooter.runSuitesInProcess(ForkedBooter.java:456)
	at org.apache.maven.surefire.booter.ForkedBooter.execute(ForkedBooter.java:169)
	at org.apache.maven.surefire.booter.ForkedBooter.run(ForkedBooter.java:595)
	at org.apache.maven.surefire.booter.ForkedBooter.main(ForkedBooter.java:581)
]]></failure>
    <system-out><![CDATA[This is After Method
This is Before Method
This is Test Case 3
]]></system-out>
  </testcase>
  <testcase name="dropDowntest" classname="com.automationcode_25thMarch_2023.BlogSpotDropDown" time="0.164">
    <system-out><![CDATA[This is After Method
This is After Class
[DEBUG] Using new Channel '[id: 0x9876c871, L:/127.0.0.1:51061 - R:localhost/127.0.0.1:1177]' for 'POST' to '/session'
[DEBUG] 

Request DefaultHttpRequest(decodeResult: success, version: HTTP/1.1)
POST /session HTTP/1.1
User-Agent: selenium/4.8.3 (java windows)
Content-Length: 439
Content-Type: application/json; charset=utf-8
host: localhost:1177
accept: */*

Response DefaultHttpResponse(decodeResult: success, version: HTTP/1.1)
HTTP/1.1 200 OK
Content-Length: 858
Content-Type: application/json; charset=utf-8
cache-control: no-cache

[DEBUG] Adding key: http://localhost:1177 for channel [id: 0x9876c871, L:/127.0.0.1:51061 - R:localhost/127.0.0.1:1177]
[DEBUG] Using new Channel '[id: 0xe4061673, L:/127.0.0.1:51068 - R:localhost/127.0.0.1:51062]' for 'GET' to '/json/version'
[DEBUG] 

Request DefaultFullHttpRequest(decodeResult: success, version: HTTP/1.1, content: EmptyByteBufBE)
GET /json/version HTTP/1.1
User-Agent: selenium/4.8.3 (java windows)
host: localhost:51062
accept: */*

Response DefaultHttpResponse(decodeResult: success, version: HTTP/1.1)
HTTP/1.1 200 OK
Content-Security-Policy: frame-ancestors 'none'
Content-Length: 424
Content-Type: application/json; charset=UTF-8

[DEBUG] Adding key: http://localhost:51062 for channel [id: 0xe4061673, L:/127.0.0.1:51068 - R:localhost/127.0.0.1:51062]
[DEBUG] Using new Channel '[id: 0x7d2a8f26, L:/127.0.0.1:51069 - R:localhost/127.0.0.1:51062]' for 'GET' to '/devtools/browser/3134eb00-3bad-4f7a-aac6-fd42e1a8ff6b'
[DEBUG] 

Request DefaultFullHttpRequest(decodeResult: success, version: HTTP/1.1, content: EmptyByteBufBE)
GET /devtools/browser/3134eb00-3bad-4f7a-aac6-fd42e1a8ff6b HTTP/1.1
upgrade: websocket
connection: upgrade
sec-websocket-key: CyLpmCQx3cAk6f4LGb5V4w==
sec-websocket-version: 13
origin: http://localhost:51062
host: localhost:51062
accept: */*
user-agent: AHC/2.1

[...]
[DEBUG] 

Request DefaultFullHttpRequest(decodeResult: success, version: HTTP/1.1, content: EmptyByteBufBE)
GET /session/9121a2ca98e2354e571faef472bc182a/element/5446366e-e3d5-4f37-bd1a-7fdc6089cf66/enabled HTTP/1.1
User-Agent: selenium/4.8.3 (java windows)
Cache-Control: no-cache
Content-Type: application/json; charset=utf-8
host: localhost:44805
accept: */*

Response DefaultHttpResponse(decodeResult: success, version: HTTP/1.1)
HTTP/1.1 200 OK
Content-Length: 14
Content-Type: application/json; charset=utf-8
cache-control: no-cache

[DEBUG] Adding key: http://localhost:44805 for channel [id: 0xc32de353, L:/127.0.0.1:52821 - R:localhost/127.0.0.1:44805]
[DEBUG] Using pooled Channel '[id: 0xc32de353, L:/127.0.0.1:52821 - R:localhost/127.0.0.1:44805]' for 'GET' to 'http://localhost:44805/session/9121a2ca98e2354e571faef472bc182a/element/5446366e-e3d5-4f37-bd1a-7fdc6089cf66/selected'
[DEBUG] Using open Channel [id: 0xc32de353, L:/127.0.0.1:52821 - R:localhost/127.0.0.1:44805] for GET '/session/9121a2ca98e2354e571faef472bc182a/element/5446366e-e3d5-4f37-bd1a-7fdc6089cf66/selected'
[DEBUG] 

Request DefaultFullHttpRequest(decodeResult: success, version: HTTP/1.1, content: EmptyByteBufBE)
GET /session/9121a2ca98e2354e571faef472bc182a/element/5446366e-e3d5-4f37-bd1a-7fdc6089cf66/selected HTTP/1.1
User-Agent: selenium/4.8.3 (java windows)
Cache-Control: no-cache
Content-Type: application/json; charset=utf-8
host: localhost:44805
accept: */*

Response DefaultHttpResponse(decodeResult: success, version: HTTP/1.1)
HTTP/1.1 200 OK
Content-Length: 15
Content-Type: application/json; charset=utf-8
cache-control: no-cache

[DEBUG] Adding key: http://localhost:44805 for channel [id: 0xc32de353, L:/127.0.0.1:52821 - R:localhost/127.0.0.1:44805]
[DEBUG] Using pooled Channel '[id: 0xc32de353, L:/127.0.0.1:52821 - R:localhost/127.0.0.1:44805]' for 'POST' to 'http://localhost:44805/session/9121a2ca98e2354e571faef472bc182a/element/5446366e-e3d5-4f37-bd1a-7fdc6089cf66/click'
[DEBUG] Using open Channel [id: 0xc32de353, L:/127.0.0.1:52821 - R:localhost/127.0.0.1:44805] for POST '/session/9121a2ca98e2354e571faef472bc182a/element/5446366e-e3d5-4f37-bd1a-7fdc6089cf66/click'
[DEBUG] 

Request DefaultHttpRequest(decodeResult: success, version: HTTP/1.1)
POST /session/9121a2ca98e2354e571faef472bc182a/element/5446366e-e3d5-4f37-bd1a-7fdc6089cf66/click HTTP/1.1
User-Agent: selenium/4.8.3 (java windows)
Content-Length: 50
Content-Type: application/json; charset=utf-8
host: localhost:44805
accept: */*

Response DefaultHttpResponse(decodeResult: success, version: HTTP/1.1)
HTTP/1.1 200 OK
Content-Length: 14
Content-Type: application/json; charset=utf-8
cache-control: no-cache

[DEBUG] Adding key: http://localhost:44805 for channel [id: 0xc32de353, L:/127.0.0.1:52821 - R:localhost/127.0.0.1:44805]
[DEBUG] Using pooled Channel '[id: 0xc32de353, L:/127.0.0.1:52821 - R:localhost/127.0.0.1:44805]' for 'POST' to 'http://localhost:44805/session/9121a2ca98e2354e571faef472bc182a/element'
[DEBUG] Using open Channel [id: 0xc32de353, L:/127.0.0.1:52821 - R:localhost/127.0.0.1:44805] for POST '/session/9121a2ca98e2354e571faef472bc182a/element'
[DEBUG] 

Request DefaultHttpRequest(decodeResult: success, version: HTTP/1.1)
POST /session/9121a2ca98e2354e571faef472bc182a/element HTTP/1.1
User-Agent: selenium/4.8.3 (java windows)
Content-Length: 98
Content-Type: application/json; charset=utf-8
host: localhost:44805
accept: */*

Response DefaultHttpResponse(decodeResult: success, version: HTTP/1.1)
HTTP/1.1 200 OK
Content-Length: 88
Content-Type: application/json; charset=utf-8
cache-control: no-cache

[DEBUG] Adding key: http://localhost:44805 for channel [id: 0xc32de353, L:/127.0.0.1:52821 - R:localhost/127.0.0.1:44805]
[DEBUG] Using pooled Channel '[id: 0xc32de353, L:/127.0.0.1:52821 - R:localhost/127.0.0.1:44805]' for 'POST' to 'http://localhost:44805/session/9121a2ca98e2354e571faef472bc182a/element/5ec579bb-da03-42bf-83f8-a192bf06ccfd/click'
[DEBUG] Using open Channel [id: 0xc32de353, L:/127.0.0.1:52821 - R:localhost/127.0.0.1:44805] for POST '/session/9121a2ca98e2354e571faef472bc182a/element/5ec579bb-da03-42bf-83f8-a192bf06ccfd/click'
[DEBUG] Entry count for : http://localhost:52580 : 1
[DEBUG] Entry count for : http://localhost:52142 : 1
[DEBUG] Entry count for : http://localhost:52853 : 1
[DEBUG] Entry count for : http://localhost:18894 : 1
[DEBUG] Entry count for : http://localhost:31333 : 1
[DEBUG] Entry count for : http://localhost:52298 : 1
[DEBUG] Entry count for : http://localhost:52481 : 1
[DEBUG] Entry count for : http://localhost:27040 : 1
[DEBUG] Entry count for : http://localhost:52561 : 1
[DEBUG] Entry count for : http://localhost:52167 : 1
[DEBUG] Entry count for : http://localhost:20059 : 1
[DEBUG] Entry count for : http://localhost:21023 : 1
[DEBUG] Entry count for : http://localhost:52193 : 1
[DEBUG] Entry count for : http://localhost:3723 : 1
[DEBUG] Entry count for : http://localhost:41417 : 1
[DEBUG] Entry count for : http://localhost:52235 : 1
[DEBUG] Entry count for : http://localhost:26766 : 1
[DEBUG] Entry count for : http://localhost:52702 : 1
[DEBUG] Entry count for : http://localhost:21751 : 1
[DEBUG] 

Request DefaultHttpRequest(decodeResult: success, version: HTTP/1.1)
POST /session/9121a2ca98e2354e571faef472bc182a/element/5ec579bb-da03-42bf-83f8-a192bf06ccfd/click HTTP/1.1
User-Agent: selenium/4.8.3 (java windows)
Content-Length: 50
Content-Type: application/json; charset=utf-8
host: localhost:44805
accept: */*

Response DefaultHttpResponse(decodeResult: success, version: HTTP/1.1)
HTTP/1.1 200 OK
Content-Length: 14
Content-Type: application/json; charset=utf-8
cache-control: no-cache

[DEBUG] Adding key: http://localhost:44805 for channel [id: 0xc32de353, L:/127.0.0.1:52821 - R:localhost/127.0.0.1:44805]
[DEBUG] Using pooled Channel '[id: 0xc32de353, L:/127.0.0.1:52821 - R:localhost/127.0.0.1:44805]' for 'POST' to 'http://localhost:44805/session/9121a2ca98e2354e571faef472bc182a/element'
[DEBUG] Using open Channel [id: 0xc32de353, L:/127.0.0.1:52821 - R:localhost/127.0.0.1:44805] for POST '/session/9121a2ca98e2354e571faef472bc182a/element'
[DEBUG] 

Request DefaultHttpRequest(decodeResult: success, version: HTTP/1.1)
POST /session/9121a2ca98e2354e571faef472bc182a/element HTTP/1.1
User-Agent: selenium/4.8.3 (java windows)
Content-Length: 52
Content-Type: application/json; charset=utf-8
host: localhost:44805
accept: */*

Response DefaultHttpResponse(decodeResult: success, version: HTTP/1.1)
HTTP/1.1 200 OK
Content-Length: 88
Content-Type: application/json; charset=utf-8
cache-control: no-cache

[DEBUG] Adding key: http://localhost:44805 for channel [id: 0xc32de353, L:/127.0.0.1:52821 - R:localhost/127.0.0.1:44805]
[DEBUG] Using pooled Channel '[id: 0xc32de353, L:/127.0.0.1:52821 - R:localhost/127.0.0.1:44805]' for 'GET' to 'http://localhost:44805/session/9121a2ca98e2354e571faef472bc182a/element/82ed3b45-fb6f-4a2e-b151-02149c20017b/name'
[DEBUG] Using open Channel [id: 0xc32de353, L:/127.0.0.1:52821 - R:localhost/127.0.0.1:44805] for GET '/session/9121a2ca98e2354e571faef472bc182a/element/82ed3b45-fb6f-4a2e-b151-02149c20017b/name'
[DEBUG] 

Request DefaultFullHttpRequest(decodeResult: success, version: HTTP/1.1, content: EmptyByteBufBE)
GET /session/9121a2ca98e2354e571faef472bc182a/element/82ed3b45-fb6f-4a2e-b151-02149c20017b/name HTTP/1.1
User-Agent: selenium/4.8.3 (java windows)
Cache-Control: no-cache
Content-Type: application/json; charset=utf-8
host: localhost:44805
accept: */*

Response DefaultHttpResponse(decodeResult: success, version: HTTP/1.1)
HTTP/1.1 200 OK
Content-Length: 18
Content-Type: application/json; charset=utf-8
cache-control: no-cache

[DEBUG] Adding key: http://localhost:44805 for channel [id: 0xc32de353, L:/127.0.0.1:52821 - R:localhost/127.0.0.1:44805]
[DEBUG] Using pooled Channel '[id: 0xc32de353, L:/127.0.0.1:52821 - R:localhost/127.0.0.1:44805]' for 'GET' to 'http://localhost:44805/session/9121a2ca98e2354e571faef472bc182a/element/82ed3b45-fb6f-4a2e-b151-02149c20017b/attribute/multiple'
[DEBUG] Using open Channel [id: 0xc32de353, L:/127.0.0.1:52821 - R:localhost/127.0.0.1:44805] for GET '/session/9121a2ca98e2354e571faef472bc182a/element/82ed3b45-fb6f-4a2e-b151-02149c20017b/attribute/multiple'
[DEBUG] 

Request DefaultFullHttpRequest(decodeResult: success, version: HTTP/1.1, content: EmptyByteBufBE)
GET /session/9121a2ca98e2354e571faef472bc182a/element/82ed3b45-fb6f-4a2e-b151-02149c20017b/attribute/multiple HTTP/1.1
User-Agent: selenium/4.8.3 (java windows)
Cache-Control: no-cache
Content-Type: application/json; charset=utf-8
host: localhost:44805
accept: */*

Response DefaultHttpResponse(decodeResult: success, version: HTTP/1.1)
HTTP/1.1 200 OK
Content-Length: 14
Content-Type: application/json; charset=utf-8
cache-control: no-cache

[DEBUG] Adding key: http://localhost:44805 for channel [id: 0xc32de353, L:/127.0.0.1:52821 - R:localhost/127.0.0.1:44805]
[DEBUG] Using pooled Channel '[id: 0xc32de353, L:/127.0.0.1:52821 - R:localhost/127.0.0.1:44805]' for 'GET' to 'http://localhost:44805/session/9121a2ca98e2354e571faef472bc182a/element/82ed3b45-fb6f-4a2e-b151-02149c20017b/enabled'
[DEBUG] Using open Channel [id: 0xc32de353, L:/127.0.0.1:52821 - R:localhost/127.0.0.1:44805] for GET '/session/9121a2ca98e2354e571faef472bc182a/element/82ed3b45-fb6f-4a2e-b151-02149c20017b/enabled'
[DEBUG] 

Request DefaultFullHttpRequest(decodeResult: success, version: HTTP/1.1, content: EmptyByteBufBE)
GET /session/9121a2ca98e2354e571faef472bc182a/element/82ed3b45-fb6f-4a2e-b151-02149c20017b/enabled HTTP/1.1
User-Agent: selenium/4.8.3 (java windows)
Cache-Control: no-cache
Content-Type: application/json; charset=utf-8
host: localhost:44805
accept: */*

Response DefaultHttpResponse(decodeResult: success, version: HTTP/1.1)
HTTP/1.1 200 OK
Content-Length: 14
Content-Type: application/json; charset=utf-8
cache-control: no-cache

[DEBUG] Adding key: http://localhost:44805 for channel [id: 0xc32de353, L:/127.0.0.1:52821 - R:localhost/127.0.0.1:44805]
[DEBUG] Using pooled Channel '[id: 0xc32de353, L:/127.0.0.1:52821 - R:localhost/127.0.0.1:44805]' for 'POST' to 'http://localhost:44805/session/9121a2ca98e2354e571faef472bc182a/element/82ed3b45-fb6f-4a2e-b151-02149c20017b/elements'
[DEBUG] Using open Channel [id: 0xc32de353, L:/127.0.0.1:52821 - R:localhost/127.0.0.1:44805] for POST '/session/9121a2ca98e2354e571faef472bc182a/element/82ed3b45-fb6f-4a2e-b151-02149c20017b/elements'
[DEBUG] 

Request DefaultHttpRequest(decodeResult: success, version: HTTP/1.1)
POST /session/9121a2ca98e2354e571faef472bc182a/element/82ed3b45-fb6f-4a2e-b151-02149c20017b/elements HTTP/1.1
User-Agent: selenium/4.8.3 (java windows)
Content-Length: 144
Content-Type: application/json; charset=utf-8
host: localhost:44805
accept: */*

Response DefaultHttpResponse(decodeResult: success, version: HTTP/1.1)
HTTP/1.1 200 OK
Content-Length: 90
Content-Type: application/json; charset=utf-8
cache-control: no-cache

[DEBUG] Adding key: http://localhost:44805 for channel [id: 0xc32de353, L:/127.0.0.1:52821 - R:localhost/127.0.0.1:44805]
[DEBUG] Using pooled Channel '[id: 0xc32de353, L:/127.0.0.1:52821 - R:localhost/127.0.0.1:44805]' for 'GET' to 'http://localhost:44805/session/9121a2ca98e2354e571faef472bc182a/element/c3e4b9f3-ad3a-42b5-aa26-53b5f8a52163/enabled'
[DEBUG] Using open Channel [id: 0xc32de353, L:/127.0.0.1:52821 - R:localhost/127.0.0.1:44805] for GET '/session/9121a2ca98e2354e571faef472bc182a/element/c3e4b9f3-ad3a-42b5-aa26-53b5f8a52163/enabled'
[DEBUG] 

Request DefaultFullHttpRequest(decodeResult: success, version: HTTP/1.1, content: EmptyByteBufBE)
GET /session/9121a2ca98e2354e571faef472bc182a/element/c3e4b9f3-ad3a-42b5-aa26-53b5f8a52163/enabled HTTP/1.1
User-Agent: selenium/4.8.3 (java windows)
Cache-Control: no-cache
Content-Type: application/json; charset=utf-8
host: localhost:44805
accept: */*

Response DefaultHttpResponse(decodeResult: success, version: HTTP/1.1)
HTTP/1.1 200 OK
Content-Length: 14
Content-Type: application/json; charset=utf-8
cache-control: no-cache

[DEBUG] Adding key: http://localhost:44805 for channel [id: 0xc32de353, L:/127.0.0.1:52821 - R:localhost/127.0.0.1:44805]
[DEBUG] Using pooled Channel '[id: 0xc32de353, L:/127.0.0.1:52821 - R:localhost/127.0.0.1:44805]' for 'GET' to 'http://localhost:44805/session/9121a2ca98e2354e571faef472bc182a/element/c3e4b9f3-ad3a-42b5-aa26-53b5f8a52163/selected'
[DEBUG] Using open Channel [id: 0xc32de353, L:/127.0.0.1:52821 - R:localhost/127.0.0.1:44805] for GET '/session/9121a2ca98e2354e571faef472bc182a/element/c3e4b9f3-ad3a-42b5-aa26-53b5f8a52163/selected'
[DEBUG] 

Request DefaultFullHttpRequest(decodeResult: success, version: HTTP/1.1, content: EmptyByteBufBE)
GET /session/9121a2ca98e2354e571faef472bc182a/element/c3e4b9f3-ad3a-42b5-aa26-53b5f8a52163/selected HTTP/1.1
User-Agent: selenium/4.8.3 (java windows)
Cache-Control: no-cache
Content-Type: application/json; charset=utf-8
host: localhost:44805
accept: */*

Response DefaultHttpResponse(decodeResult: success, version: HTTP/1.1)
HTTP/1.1 200 OK
Content-Length: 15
Content-Type: application/json; charset=utf-8
cache-control: no-cache

[DEBUG] Adding key: http://localhost:44805 for channel [id: 0xc32de353, L:/127.0.0.1:52821 - R:localhost/127.0.0.1:44805]
[DEBUG] Using pooled Channel '[id: 0xc32de353, L:/127.0.0.1:52821 - R:localhost/127.0.0.1:44805]' for 'POST' to 'http://localhost:44805/session/9121a2ca98e2354e571faef472bc182a/element/c3e4b9f3-ad3a-42b5-aa26-53b5f8a52163/click'
[DEBUG] Using open Channel [id: 0xc32de353, L:/127.0.0.1:52821 - R:localhost/127.0.0.1:44805] for POST '/session/9121a2ca98e2354e571faef472bc182a/element/c3e4b9f3-ad3a-42b5-aa26-53b5f8a52163/click'
[DEBUG] 

Request DefaultHttpRequest(decodeResult: success, version: HTTP/1.1)
POST /session/9121a2ca98e2354e571faef472bc182a/element/c3e4b9f3-ad3a-42b5-aa26-53b5f8a52163/click HTTP/1.1
User-Agent: selenium/4.8.3 (java windows)
Content-Length: 50
Content-Type: application/json; charset=utf-8
host: localhost:44805
accept: */*

Response DefaultHttpResponse(decodeResult: success, version: HTTP/1.1)
HTTP/1.1 200 OK
Content-Length: 14
Content-Type: application/json; charset=utf-8
cache-control: no-cache

[DEBUG] Adding key: http://localhost:44805 for channel [id: 0xc32de353, L:/127.0.0.1:52821 - R:localhost/127.0.0.1:44805]
[DEBUG] Using pooled Channel '[id: 0xc32de353, L:/127.0.0.1:52821 - R:localhost/127.0.0.1:44805]' for 'POST' to 'http://localhost:44805/session/9121a2ca98e2354e571faef472bc182a/element'
[DEBUG] Using open Channel [id: 0xc32de353, L:/127.0.0.1:52821 - R:localhost/127.0.0.1:44805] for POST '/session/9121a2ca98e2354e571faef472bc182a/element'
[DEBUG] 

Request DefaultHttpRequest(decodeResult: success, version: HTTP/1.1)
POST /session/9121a2ca98e2354e571faef472bc182a/element HTTP/1.1
User-Agent: selenium/4.8.3 (java windows)
Content-Length: 52
Content-Type: application/json; charset=utf-8
host: localhost:44805
accept: */*

Response DefaultHttpResponse(decodeResult: success, version: HTTP/1.1)
HTTP/1.1 200 OK
Content-Length: 88
Content-Type: application/json; charset=utf-8
cache-control: no-cache

[DEBUG] Adding key: http://localhost:44805 for channel [id: 0xc32de353, L:/127.0.0.1:52821 - R:localhost/127.0.0.1:44805]
[DEBUG] Using pooled Channel '[id: 0xc32de353, L:/127.0.0.1:52821 - R:localhost/127.0.0.1:44805]' for 'POST' to 'http://localhost:44805/session/9121a2ca98e2354e571faef472bc182a/element/c4d2320a-d124-494b-a347-527902d3b73c/value'
[DEBUG] Using open Channel [id: 0xc32de353, L:/127.0.0.1:52821 - R:localhost/127.0.0.1:44805] for POST '/session/9121a2ca98e2354e571faef472bc182a/element/c4d2320a-d124-494b-a347-527902d3b73c/value'
[DEBUG] 

Request DefaultHttpRequest(decodeResult: success, version: HTTP/1.1)
POST /session/9121a2ca98e2354e571faef472bc182a/element/c4d2320a-d124-494b-a347-527902d3b73c/value HTTP/1.1
User-Agent: selenium/4.8.3 (java windows)
Content-Length: 121
Content-Type: application/json; charset=utf-8
host: localhost:44805
accept: */*

Response DefaultHttpResponse(decodeResult: success, version: HTTP/1.1)
HTTP/1.1 200 OK
Content-Length: 14
Content-Type: application/json; charset=utf-8
cache-control: no-cache

[DEBUG] Adding key: http://localhost:44805 for channel [id: 0xc32de353, L:/127.0.0.1:52821 - R:localhost/127.0.0.1:44805]
[DEBUG] Using pooled Channel '[id: 0xc32de353, L:/127.0.0.1:52821 - R:localhost/127.0.0.1:44805]' for 'POST' to 'http://localhost:44805/session/9121a2ca98e2354e571faef472bc182a/element'
[DEBUG] Using open Channel [id: 0xc32de353, L:/127.0.0.1:52821 - R:localhost/127.0.0.1:44805] for POST '/session/9121a2ca98e2354e571faef472bc182a/element'
[DEBUG] 

Request DefaultHttpRequest(decodeResult: success, version: HTTP/1.1)
POST /session/9121a2ca98e2354e571faef472bc182a/element HTTP/1.1
User-Agent: selenium/4.8.3 (java windows)
Content-Length: 53
Content-Type: application/json; charset=utf-8
host: localhost:44805
accept: */*

Response DefaultHttpResponse(decodeResult: success, version: HTTP/1.1)
HTTP/1.1 200 OK
Content-Length: 88
Content-Type: application/json; charset=utf-8
cache-control: no-cache

[DEBUG] Adding key: http://localhost:44805 for channel [id: 0xc32de353, L:/127.0.0.1:52821 - R:localhost/127.0.0.1:44805]
[DEBUG] Using pooled Channel '[id: 0xc32de353, L:/127.0.0.1:52821 - R:localhost/127.0.0.1:44805]' for 'POST' to 'http://localhost:44805/session/9121a2ca98e2354e571faef472bc182a/element/581511a8-2a7c-4215-94d4-f9b1794bf8c9/click'
[DEBUG] Using open Channel [id: 0xc32de353, L:/127.0.0.1:52821 - R:localhost/127.0.0.1:44805] for POST '/session/9121a2ca98e2354e571faef472bc182a/element/581511a8-2a7c-4215-94d4-f9b1794bf8c9/click'
[DEBUG] 

Request DefaultHttpRequest(decodeResult: success, version: HTTP/1.1)
POST /session/9121a2ca98e2354e571faef472bc182a/element/581511a8-2a7c-4215-94d4-f9b1794bf8c9/click HTTP/1.1
User-Agent: selenium/4.8.3 (java windows)
Content-Length: 50
Content-Type: application/json; charset=utf-8
host: localhost:44805
accept: */*

Response DefaultHttpResponse(decodeResult: success, version: HTTP/1.1)
HTTP/1.1 200 OK
Content-Length: 14
Content-Type: application/json; charset=utf-8
cache-control: no-cache

[DEBUG] Adding key: http://localhost:44805 for channel [id: 0xc32de353, L:/127.0.0.1:52821 - R:localhost/127.0.0.1:44805]
[DEBUG] Using pooled Channel '[id: 0xc32de353, L:/127.0.0.1:52821 - R:localhost/127.0.0.1:44805]' for 'POST' to 'http://localhost:44805/session/9121a2ca98e2354e571faef472bc182a/element'
[DEBUG] Using open Channel [id: 0xc32de353, L:/127.0.0.1:52821 - R:localhost/127.0.0.1:44805] for POST '/session/9121a2ca98e2354e571faef472bc182a/element'
[DEBUG] 

Request DefaultHttpRequest(decodeResult: success, version: HTTP/1.1)
POST /session/9121a2ca98e2354e571faef472bc182a/element HTTP/1.1
User-Agent: selenium/4.8.3 (java windows)
Content-Length: 52
Content-Type: application/json; charset=utf-8
host: localhost:44805
accept: */*

Response DefaultHttpResponse(decodeResult: success, version: HTTP/1.1)
HTTP/1.1 500 Internal Server Error
Content-Length: 967
Content-Type: application/json; charset=utf-8
cache-control: no-cache

[DEBUG] Adding key: http://localhost:44805 for channel [id: 0xc32de353, L:/127.0.0.1:52821 - R:localhost/127.0.0.1:44805]
]]></system-out>
    <system-err><![CDATA[Starting ChromeDriver 112.0.5615.49 (bd2a7bcb881c11e8cfe3078709382934e3916914-refs/branch-heads/5615@{#936}) on port 44805
Only local connections are allowed.
Please see https://chromedriver.chromium.org/security-considerations for suggestions on keeping ChromeDriver safe.
ChromeDriver was started successfully.
Apr 22, 2023 4:13:46 PM org.openqa.selenium.devtools.CdpVersionFinder findNearestMatch
WARNING: Unable to find an exact match for CDP version 112, so returning the closest version found: 111
]]></system-err>
  </testcase>
</testsuite>